This is pdfTeX, Version 3.1415926-2.3-1.40.12 (TeX Live 2011) (format=pdflatex 2011.7.3)  30 JUN 2014 14:37
entering extended mode
 \write18 enabled.
 file:line:error style messages enabled.
 %&-line parsing enabled.
**metrics-paper.tex
(./metrics-paper.tex
LaTeX2e <2009/09/24>
Babel <v3.8l> and hyphenation patterns for english, dumylang, nohyphenation, ge
rman-x-2009-06-19, ngerman-x-2009-06-19, afrikaans, ancientgreek, ibycus, arabi
c, armenian, basque, bulgarian, catalan, pinyin, coptic, croatian, czech, danis
h, dutch, ukenglish, usenglishmax, esperanto, estonian, ethiopic, farsi, finnis
h, french, galician, german, ngerman, swissgerman, monogreek, greek, hungarian,
 icelandic, assamese, bengali, gujarati, hindi, kannada, malayalam, marathi, or
iya, panjabi, tamil, telugu, indonesian, interlingua, irish, italian, kurmanji,
 lao, latin, latvian, lithuanian, mongolian, mongolianlmc, bokmal, nynorsk, pol
ish, portuguese, romanian, russian, sanskrit, serbian, serbianc, slovak, sloven
ian, spanish, swedish, turkish, turkmen, ukrainian, uppersorbian, welsh, loaded
.
(/usr/local/texlive/2011/texmf-dist/tex/latex/base/article.cls
Document Class: article 2007/10/19 v1.4h Standard LaTeX document class
(/usr/local/texlive/2011/texmf-dist/tex/latex/base/size10.clo
File: size10.clo 2007/10/19 v1.4h Standard LaTeX file (size option)
)
\c@part=\count79
\c@section=\count80
\c@subsection=\count81
\c@subsubsection=\count82
\c@paragraph=\count83
\c@subparagraph=\count84
\c@figure=\count85
\c@table=\count86
\abovecaptionskip=\skip41
\belowcaptionskip=\skip42
\bibindent=\dimen102
)
(/usr/local/texlive/2011/texmf-dist/tex/latex/psnfss/times.sty
Package: times 2005/04/12 PSNFSS-v9.2a (SPQR) 
)
(/usr/local/texlive/2011/texmf-dist/tex/latex/natbib/natbib.sty
Package: natbib 2010/09/13 8.31b (PWD, AO)
\bibhang=\skip43
\bibsep=\skip44
LaTeX Info: Redefining \cite on input line 694.
\c@NAT@ctr=\count87
)
(/usr/local/texlive/2011/texmf-dist/tex/latex/graphics/color.sty
Package: color 2005/11/14 v1.0j Standard LaTeX Color (DPC)

(/usr/local/texlive/2011/texmf-dist/tex/latex/latexconfig/color.cfg
File: color.cfg 2007/01/18 v1.5 color configuration of teTeX/TeXLive
)
Package color Info: Driver file: pdftex.def on input line 130.

(/usr/local/texlive/2011/texmf-dist/tex/latex/pdftex-def/pdftex.def
File: pdftex.def 2011/05/27 v0.06d Graphics/color for pdfTeX

(/usr/local/texlive/2011/texmf-dist/tex/generic/oberdiek/infwarerr.sty
Package: infwarerr 2010/04/08 v1.3 Providing info/warning/message (HO)
)
(/usr/local/texlive/2011/texmf-dist/tex/generic/oberdiek/ltxcmds.sty
Package: ltxcmds 2011/04/18 v1.20 LaTeX kernel commands for general use (HO)
)
\Gread@gobject=\count88
))
(/usr/local/texlive/2011/texmf-dist/tex/latex/subfigure/subfigure.sty
Package: subfigure 2002/03/15 v2.1.5 subfigure package
\subfigtopskip=\skip45
\subfigcapskip=\skip46
\subfigcaptopadj=\dimen103
\subfigbottomskip=\skip47
\subfigcapmargin=\dimen104
\subfiglabelskip=\skip48
\c@subfigure=\count89
\c@lofdepth=\count90
\c@subtable=\count91
\c@lotdepth=\count92

****************************************
* Local config file subfigure.cfg used *
****************************************
(/usr/local/texlive/2011/texmf-dist/tex/latex/subfigure/subfigure.cfg)
\subfig@top=\skip49
\subfig@bottom=\skip50
)
(/usr/local/texlive/2011/texmf-dist/tex/latex/amsmath/amsmath.sty
Package: amsmath 2000/07/18 v2.13 AMS math features
\@mathmargin=\skip51

For additional information on amsmath, use the `?' option.
(/usr/local/texlive/2011/texmf-dist/tex/latex/amsmath/amstext.sty
Package: amstext 2000/06/29 v2.01

(/usr/local/texlive/2011/texmf-dist/tex/latex/amsmath/amsgen.sty
File: amsgen.sty 1999/11/30 v2.0
\@emptytoks=\toks14
\ex@=\dimen105
))
(/usr/local/texlive/2011/texmf-dist/tex/latex/amsmath/amsbsy.sty
Package: amsbsy 1999/11/29 v1.2d
\pmbraise@=\dimen106
)
(/usr/local/texlive/2011/texmf-dist/tex/latex/amsmath/amsopn.sty
Package: amsopn 1999/12/14 v2.01 operator names
)
\inf@bad=\count93
LaTeX Info: Redefining \frac on input line 211.
\uproot@=\count94
\leftroot@=\count95
LaTeX Info: Redefining \overline on input line 307.
\classnum@=\count96
\DOTSCASE@=\count97
LaTeX Info: Redefining \ldots on input line 379.
LaTeX Info: Redefining \dots on input line 382.
LaTeX Info: Redefining \cdots on input line 467.
\Mathstrutbox@=\box26
\strutbox@=\box27
\big@size=\dimen107
LaTeX Font Info:    Redeclaring font encoding OML on input line 567.
LaTeX Font Info:    Redeclaring font encoding OMS on input line 568.
\macc@depth=\count98
\c@MaxMatrixCols=\count99
\dotsspace@=\muskip10
\c@parentequation=\count100
\dspbrk@lvl=\count101
\tag@help=\toks15
\row@=\count102
\column@=\count103
\maxfields@=\count104
\andhelp@=\toks16
\eqnshift@=\dimen108
\alignsep@=\dimen109
\tagshift@=\dimen110
\tagwidth@=\dimen111
\totwidth@=\dimen112
\lineht@=\dimen113
\@envbody=\toks17
\multlinegap=\skip52
\multlinetaggap=\skip53
\mathdisplay@stack=\toks18
LaTeX Info: Redefining \[ on input line 2666.
LaTeX Info: Redefining \] on input line 2667.
)
(/usr/local/texlive/2011/texmf-dist/tex/latex/amsfonts/amssymb.sty
Package: amssymb 2009/06/22 v3.00

(/usr/local/texlive/2011/texmf-dist/tex/latex/amsfonts/amsfonts.sty
Package: amsfonts 2009/06/22 v3.00 Basic AMSFonts support
\symAMSa=\mathgroup4
\symAMSb=\mathgroup5
LaTeX Font Info:    Overwriting math alphabet `\mathfrak' in version `bold'
(Font)                  U/euf/m/n --> U/euf/b/n on input line 96.
))
(/usr/local/texlive/2011/texmf-dist/tex/latex/preprint/fullpage.sty
Package: fullpage 1999/02/23 1.1 (PWD)
\FP@margin=\skip54
)
(/usr/local/texlive/2011/texmf-dist/tex/latex/amscls/amsthm.sty
Package: amsthm 2009/07/02 v2.20.1
\thm@style=\toks19
\thm@bodyfont=\toks20
\thm@headfont=\toks21
\thm@notefont=\toks22
\thm@headpunct=\toks23
\thm@preskip=\skip55
\thm@postskip=\skip56
\thm@headsep=\skip57
\dth@everypar=\toks24
)
(/usr/local/texlive/2011/texmf-dist/tex/latex/tools/array.sty
Package: array 2008/09/09 v2.4c Tabular extension package (FMi)
\col@sep=\dimen114
\extrarowheight=\dimen115
\NC@list=\toks25
\extratabsurround=\skip58
\backup@length=\skip59
)
(/usr/local/texlive/2011/texmf-dist/tex/latex/algorithm2e/algorithm2e.sty
Package: algorithm2e 2008/00/00 v3.10 algorithms environments
\c@AlgoLine=\count105

(/usr/local/texlive/2011/texmf-dist/tex/latex/base/ifthen.sty
Package: ifthen 2001/05/26 v1.1c Standard LaTeX ifthen package (DPC)
)
(/usr/local/texlive/2011/texmf-dist/tex/latex/tools/xspace.sty
Package: xspace 2006/05/08 v1.12 Space after command names (DPC,MH)
)
(/usr/local/texlive/2011/texmf-dist/tex/latex/relsize/relsize.sty
Package: relsize 2003/07/04 ver 3.1
)
********************************************************
Package `algorithm2e' Release 4.01 -- december 14 2009 --
- algorithm2e-announce@lirmm.fr mailing list for announcement about releases
- algorithm2e-discussion@lirmm.fr mailing list for discussion about package
subscribe by emailing sympa@lirmm.fr with 'subscribe <list> <firstname name>'
- Author: Christophe Fiorio (fiorio@lirmm.fr)
********************************************************
\skiptotal=\skip60
\skiplinenumber=\skip61
\skiprule=\skip62
\skiphlne=\skip63
\skiptext=\skip64
\skiplength=\skip65
\algomargin=\skip66
\skipalgocfslide=\skip67
\algowidth=\dimen116
\inoutsize=\dimen117
\inoutline=\dimen118
\interspacetitleruled=\dimen119
\interspacealgoruled=\dimen120
\interspacetitleboxruled=\dimen121
\algocf@inoutbox=\box28
\algocf@inputbox=\box29
\AlCapSkip=\skip68
\AlCapHSkip=\skip69
\algocf@nlbox=\box30
\algocf@hangingbox=\box31
\algocf@capbox=\box32
\algoheightruledefault=\skip70
\algoheightrule=\skip71
\algotitleheightruledefault=\skip72
\algotitleheightrule=\skip73
\c@algocfline=\count106
\c@algocfproc=\count107
\c@algocf=\count108
\algocf@algoframe=\box33
\algocf@algobox=\box34
) (/usr/local/texlive/2011/texmf-dist/tex/latex/graphics/graphicx.sty
Package: graphicx 1999/02/16 v1.0f Enhanced LaTeX Graphics (DPC,SPQR)

(/usr/local/texlive/2011/texmf-dist/tex/latex/graphics/keyval.sty
Package: keyval 1999/03/16 v1.13 key=value parser (DPC)
\KV@toks@=\toks26
)
(/usr/local/texlive/2011/texmf-dist/tex/latex/graphics/graphics.sty
Package: graphics 2009/02/05 v1.0o Standard LaTeX Graphics (DPC,SPQR)

(/usr/local/texlive/2011/texmf-dist/tex/latex/graphics/trig.sty
Package: trig 1999/03/16 v1.09 sin cos tan (DPC)
)
(/usr/local/texlive/2011/texmf-dist/tex/latex/latexconfig/graphics.cfg
File: graphics.cfg 2010/04/23 v1.9 graphics configuration of TeX Live
)
Package graphics Info: Driver file: pdftex.def on input line 91.
)
\Gin@req@height=\dimen122
\Gin@req@width=\dimen123
)
\c@thm=\count109
\c@dfn=\count110
\c@cor=\count111
\c@con=\count112


LaTeX Warning: Unused global option(s):
    [12].

(./metrics-paper.aux

LaTeX Warning: Label `type_1' multiply defined.


LaTeX Warning: Label `sub@type_1' multiply defined.


LaTeX Warning: Label `type_2' multiply defined.


LaTeX Warning: Label `sub@type_2' multiply defined.


LaTeX Warning: Label `plottype' multiply defined.


LaTeX Warning: Label `t1comp_1' multiply defined.


LaTeX Warning: Label `sub@t1comp_1' multiply defined.


LaTeX Warning: Label `t1bin_1' multiply defined.


LaTeX Warning: Label `sub@t1bin_1' multiply defined.


LaTeX Warning: Label `t1bin_1' multiply defined.


LaTeX Warning: Label `sub@t1bin_1' multiply defined.


LaTeX Warning: Label `t1bin_1' multiply defined.


LaTeX Warning: Label `sub@t1bin_1' multiply defined.


LaTeX Warning: Label `t2comp_1' multiply defined.


LaTeX Warning: Label `sub@t2comp_1' multiply defined.


LaTeX Warning: Label `t2comp_1' multiply defined.


LaTeX Warning: Label `sub@t2comp_1' multiply defined.


LaTeX Warning: Label `t2comp_2' multiply defined.


LaTeX Warning: Label `sub@t2comp_2' multiply defined.


LaTeX Warning: Label `t2comp_1' multiply defined.


LaTeX Warning: Label `sub@t2comp_1' multiply defined.


LaTeX Warning: Label `t2comp_1' multiply defined.


LaTeX Warning: Label `sub@t2comp_1' multiply defined.


LaTeX Warning: Label `t2comp_1' multiply defined.


LaTeX Warning: Label `sub@t2comp_1' multiply defined.


LaTeX Warning: Label `t2comp_1' multiply defined.


LaTeX Warning: Label `sub@t2comp_1' multiply defined.


LaTeX Warning: Label `t2comp_1' multiply defined.


LaTeX Warning: Label `sub@t2comp_1' multiply defined.


LaTeX Warning: Label `t2comp_2' multiply defined.


LaTeX Warning: Label `sub@t2comp_2' multiply defined.


LaTeX Warning: Label `t2comp_1' multiply defined.


LaTeX Warning: Label `sub@t2comp_1' multiply defined.

)
\openout1 = `metrics-paper.aux'.

LaTeX Font Info:    Checking defaults for OML/cmm/m/it on input line 27.
LaTeX Font Info:    ... okay on input line 27.
LaTeX Font Info:    Checking defaults for T1/cmr/m/n on input line 27.
LaTeX Font Info:    ... okay on input line 27.
LaTeX Font Info:    Checking defaults for OT1/cmr/m/n on input line 27.
LaTeX Font Info:    ... okay on input line 27.
LaTeX Font Info:    Checking defaults for OMS/cmsy/m/n on input line 27.
LaTeX Font Info:    ... okay on input line 27.
LaTeX Font Info:    Checking defaults for OMX/cmex/m/n on input line 27.
LaTeX Font Info:    ... okay on input line 27.
LaTeX Font Info:    Checking defaults for U/cmr/m/n on input line 27.
LaTeX Font Info:    ... okay on input line 27.
LaTeX Font Info:    Try loading font information for OT1+ptm on input line 27.
 (/usr/local/texlive/2011/texmf-dist/tex/latex/psnfss/ot1ptm.fd
File: ot1ptm.fd 2001/06/04 font definitions for OT1/ptm.
)
(/usr/local/texlive/2011/texmf-dist/tex/context/base/supp-pdf.mkii
[Loading MPS to PDF converter (version 2006.09.02).]
\scratchcounter=\count113
\scratchdimen=\dimen124
\scratchbox=\box35
\nofMPsegments=\count114
\nofMParguments=\count115
\everyMPshowfont=\toks27
\MPscratchCnt=\count116
\MPscratchDim=\dimen125
\MPnumerator=\count117
\makeMPintoPDFobject=\count118
\everyMPtoPDFconversion=\toks28
) (/usr/local/texlive/2011/texmf-dist/tex/generic/oberdiek/pdftexcmds.sty
Package: pdftexcmds 2011/04/22 v0.16 Utilities of pdfTeX for LuaTeX (HO)

(/usr/local/texlive/2011/texmf-dist/tex/generic/oberdiek/ifluatex.sty
Package: ifluatex 2010/03/01 v1.3 Provides the ifluatex switch (HO)
Package ifluatex Info: LuaTeX not detected.
)
(/usr/local/texlive/2011/texmf-dist/tex/generic/oberdiek/ifpdf.sty
Package: ifpdf 2011/01/30 v2.3 Provides the ifpdf switch (HO)
Package ifpdf Info: pdfTeX in PDF mode is detected.
)
Package pdftexcmds Info: LuaTeX not detected.
Package pdftexcmds Info: \pdf@primitive is available.
Package pdftexcmds Info: \pdf@ifprimitive is available.
Package pdftexcmds Info: \pdfdraftmode found.
)
(/usr/local/texlive/2011/texmf-dist/tex/latex/oberdiek/epstopdf-base.sty
Package: epstopdf-base 2010/02/09 v2.5 Base part for package epstopdf

(/usr/local/texlive/2011/texmf-dist/tex/latex/oberdiek/grfext.sty
Package: grfext 2010/08/19 v1.1 Managing graphics extensions (HO)

(/usr/local/texlive/2011/texmf-dist/tex/generic/oberdiek/kvdefinekeys.sty
Package: kvdefinekeys 2011/04/07 v1.3 Defining keys (HO)
))
(/usr/local/texlive/2011/texmf-dist/tex/latex/oberdiek/kvoptions.sty
Package: kvoptions 2010/12/23 v3.10 Keyval support for LaTeX options (HO)

(/usr/local/texlive/2011/texmf-dist/tex/generic/oberdiek/kvsetkeys.sty
Package: kvsetkeys 2011/04/07 v1.13 Key value parser (HO)

(/usr/local/texlive/2011/texmf-dist/tex/generic/oberdiek/etexcmds.sty
Package: etexcmds 2011/02/16 v1.5 Prefix for e-TeX command names (HO)
Package etexcmds Info: Could not find \expanded.
(etexcmds)             That can mean that you are not using pdfTeX 1.50 or
(etexcmds)             that some package has redefined \expanded.
(etexcmds)             In the latter case, load this package earlier.
)))
Package grfext Info: Graphics extension search list:
(grfext)             [.png,.pdf,.jpg,.mps,.jpeg,.jbig2,.jb2,.PNG,.PDF,.JPG,.JPE
G,.JBIG2,.JB2,.eps]
(grfext)             \AppendGraphicsExtensions on input line 452.

(/usr/local/texlive/2011/texmf-dist/tex/latex/latexconfig/epstopdf-sys.cfg
File: epstopdf-sys.cfg 2010/07/13 v1.3 Configuration of (r)epstopdf for TeX Liv
e
))
LaTeX Font Info:    Try loading font information for U+msa on input line 36.

(/usr/local/texlive/2011/texmf-dist/tex/latex/amsfonts/umsa.fd
File: umsa.fd 2009/06/22 v3.00 AMS symbols A
)
LaTeX Font Info:    Try loading font information for U+msb on input line 36.

(/usr/local/texlive/2011/texmf-dist/tex/latex/amsfonts/umsb.fd
File: umsb.fd 2009/06/22 v3.00 AMS symbols B
)
LaTeX Font Info:    Font shape `OT1/ptm/bx/n' in size <9> not available
(Font)              Font shape `OT1/ptm/b/n' tried instead on input line 38.
LaTeX Font Info:    Font shape `OT1/ptm/bx/n' in size <14.4> not available
(Font)              Font shape `OT1/ptm/b/n' tried instead on input line 54.

<diagram.pdf, id=1, 254.85544pt x 180.39044pt>
File: diagram.pdf Graphic file (type pdf)
 <use diagram.pdf>
Package pdftex.def Info: diagram.pdf used on input line 79.
(pdftex.def)             Requested size: 216.81pt x 153.46747pt.

<visual-inference-plot-1.pdf, id=2, 254.85544pt x 180.39044pt>
File: visual-inference-plot-1.pdf Graphic file (type pdf)

<use visual-inference-plot-1.pdf>
Package pdftex.def Info: visual-inference-plot-1.pdf used on input line 79.
(pdftex.def)             Requested size: 216.81pt x 153.46747pt.
 [1

{/usr/local/texlive/2011/texmf-var/fonts/map/pdftex/updmap/pdftex.map}] [2 <./d
iagram.pdf> <./visual-inference-plot-1.pdf>]
LaTeX Font Info:    Try loading font information for OMS+ptm on input line 172.

 (/usr/local/texlive/2011/texmf-dist/tex/latex/psnfss/omsptm.fd
File: omsptm.fd 
)
LaTeX Font Info:    Font shape `OMS/ptm/m/n' in size <10> not available
(Font)              Font shape `OMS/cmsy/m/n' tried instead on input line 172.
 [3]
Underfull \hbox (badness 10000) in paragraph at lines 201--202

 []

<dat-example-1.pdf, id=383, 252.945pt x 252.945pt>
File: dat-example-1.pdf Graphic file (type pdf)
 <use dat-example-1.pdf>
Package pdftex.def Info: dat-example-1.pdf used on input line 283.
(pdftex.def)             Requested size: 139.12018pt x 139.12018pt.

<bin-example-1.pdf, id=384, 303.1325pt x 252.945pt>
File: bin-example-1.pdf Graphic file (type pdf)
 <use bin-example-1.pdf>
Package pdftex.def Info: bin-example-1.pdf used on input line 283.
(pdftex.def)             Requested size: 166.72339pt x 139.12018pt.

<freq-example-1.pdf, id=385, 252.945pt x 252.945pt>
File: freq-example-1.pdf Graphic file (type pdf)
 <use freq-example-1.pdf>
Package pdftex.def Info: freq-example-1.pdf used on input line 283.
(pdftex.def)             Requested size: 139.12018pt x 139.12018pt.

<dat-example-2.pdf, id=386, 252.945pt x 252.945pt>
File: dat-example-2.pdf Graphic file (type pdf)
 <use dat-example-2.pdf>
Package pdftex.def Info: dat-example-2.pdf used on input line 290.
(pdftex.def)             Requested size: 139.12018pt x 139.12018pt.

<bin-example-2.pdf, id=387, 303.1325pt x 252.945pt>
File: bin-example-2.pdf Graphic file (type pdf)
 <use bin-example-2.pdf>
Package pdftex.def Info: bin-example-2.pdf used on input line 290.
(pdftex.def)             Requested size: 166.72339pt x 139.12018pt.

<freq-example-2.pdf, id=388, 252.945pt x 252.945pt>
File: freq-example-2.pdf Graphic file (type pdf)
 <use freq-example-2.pdf>
Package pdftex.def Info: freq-example-2.pdf used on input line 290.
(pdftex.def)             Requested size: 139.12018pt x 139.12018pt.

[4] [5 <./dat-example-1.pdf> <./bin-example-1.pdf> <./freq-example-1.pdf> <./da
t-example-2.pdf> <./bin-example-2.pdf> <./freq-example-2.pdf>]
<ave-min-sep.pdf, id=434, 397.485pt x 397.485pt>
File: ave-min-sep.pdf Graphic file (type pdf)
 <use ave-min-sep.pdf>
Package pdftex.def Info: ave-min-sep.pdf used on input line 374.
(pdftex.def)             Requested size: 298.113pt x 298.113pt.
 [6]
[7 <./ave-min-sep.pdf>] <dist-example.pdf, id=453, 397.485pt x 361.35pt>
File: dist-example.pdf Graphic file (type pdf)

<use dist-example.pdf>
Package pdftex.def Info: dist-example.pdf used on input line 452.
(pdftex.def)             Requested size: 218.61742pt x 198.74312pt.
 <dist-metric.pdf, id=454, 325.215pt x 289.08pt>
File: dist-metric.pdf Graphic file (type pdf)

<use dist-metric.pdf>
Package pdftex.def Info: dist-metric.pdf used on input line 456.
(pdftex.def)             Requested size: 227.64894pt x 202.35461pt.
 <dist-example-2.pdf, id=455, 397.485pt x 361.35pt>
File: dist-example-2.pdf Graphic file (type pdf)

<use dist-example-2.pdf>
Package pdftex.def Info: dist-example-2.pdf used on input line 468.
(pdftex.def)             Requested size: 218.61742pt x 198.74312pt.
 <dist-metric-2.pdf, id=456, 325.215pt x 289.08pt>
File: dist-metric-2.pdf Graphic file (type pdf)

<use dist-metric-2.pdf>
Package pdftex.def Info: dist-metric-2.pdf used on input line 472.
(pdftex.def)             Requested size: 227.64894pt x 202.35461pt.
 [8 <./dist-example.pdf> <./dist-metric.pdf>]
<plot-type-sca.pdf, id=476, 397.485pt x 361.35pt>
File: plot-type-sca.pdf Graphic file (type pdf)
 <use plot-type-sca.pdf>
Package pdftex.def Info: plot-type-sca.pdf used on input line 490.
(pdftex.def)             Requested size: 218.61742pt x 198.74312pt.

<plot-type-reg-line.pdf, id=477, 397.485pt x 361.35pt>
File: plot-type-reg-line.pdf Graphic file (type pdf)

<use plot-type-reg-line.pdf>
Package pdftex.def Info: plot-type-reg-line.pdf used on input line 494.
(pdftex.def)             Requested size: 218.61742pt x 198.74312pt.
 [9 <./dist-example-2.pdf> <./dist-metric-2.pdf>]
[10 <./plot-type-sca.pdf> <./plot-type-reg-line.pdf>]
Underfull \hbox (badness 10000) in paragraph at lines 590--590
[]|\OT1/ptm/m/n/10 Type of
 []


Underfull \hbox (badness 10000) in paragraph at lines 590--590
[]|\OT1/ptm/m/n/10 Null Gen-
 []


Underfull \hbox (badness 10000) in paragraph at lines 590--590
\OT1/ptm/m/n/10 er-at-ing
 []

<anscombe-1.pdf, id=516, 289.08pt x 289.08pt>
File: anscombe-1.pdf Graphic file (type pdf)
 <use anscombe-1.pdf>
Package pdftex.def Info: anscombe-1.pdf used on input line 594.
(pdftex.def)             Requested size: 289.07928pt x 289.07928pt.

Overfull \hbox (29.5907pt too wide) in paragraph at lines 594--594
 [] 
 []

<anscombe-null-1.pdf, id=517, 289.08pt x 289.08pt>
File: anscombe-null-1.pdf Graphic file (type pdf)
 <use anscombe-null-1.pdf>
Package pdftex.def Info: anscombe-null-1.pdf used on input line 594.
(pdftex.def)             Requested size: 289.07928pt x 289.07928pt.

Overfull \hbox (29.5907pt too wide) in paragraph at lines 594--594
 [] 
 []

<anscombe-nbin-1.pdf, id=518, 361.35pt x 289.08pt>
File: anscombe-nbin-1.pdf Graphic file (type pdf)
 <use anscombe-nbin-1.pdf>
Package pdftex.def Info: anscombe-nbin-1.pdf used on input line 594.
(pdftex.def)             Requested size: 361.34912pt x 289.07928pt.

Overfull \hbox (47.65816pt too wide) in paragraph at lines 594--594
 [] 
 []


Underfull \hbox (badness 10000) in paragraph at lines 596--596
[]|\OT1/ptm/m/n/10 Nonlinear
 []


Underfull \hbox (badness 10000) in paragraph at lines 596--596
\OT1/ptm/m/n/10 re-la-tion-
 []

<anscombe-2.pdf, id=519, 289.08pt x 289.08pt>
File: anscombe-2.pdf Graphic file (type pdf)
 <use anscombe-2.pdf>
Package pdftex.def Info: anscombe-2.pdf used on input line 596.
(pdftex.def)             Requested size: 289.07928pt x 289.07928pt.

Overfull \hbox (29.5907pt too wide) in paragraph at lines 596--596
 [] 
 []

<anscombe-null-2.pdf, id=520, 289.08pt x 289.08pt>
File: anscombe-null-2.pdf Graphic file (type pdf)
 <use anscombe-null-2.pdf>
Package pdftex.def Info: anscombe-null-2.pdf used on input line 596.
(pdftex.def)             Requested size: 289.07928pt x 289.07928pt.

Overfull \hbox (29.5907pt too wide) in paragraph at lines 596--596
 [] 
 []

<anscombe-nbin-2.pdf, id=521, 361.35pt x 289.08pt>
File: anscombe-nbin-2.pdf Graphic file (type pdf)
 <use anscombe-nbin-2.pdf>
Package pdftex.def Info: anscombe-nbin-2.pdf used on input line 596.
(pdftex.def)             Requested size: 361.34912pt x 289.07928pt.

Overfull \hbox (47.65816pt too wide) in paragraph at lines 596--596
 [] 
 []

<anscombe-3.pdf, id=522, 289.08pt x 289.08pt>
File: anscombe-3.pdf Graphic file (type pdf)
 <use anscombe-3.pdf>
Package pdftex.def Info: anscombe-3.pdf used on input line 598.
(pdftex.def)             Requested size: 289.07928pt x 289.07928pt.

Overfull \hbox (29.5907pt too wide) in paragraph at lines 598--598
 [] 
 []

<anscombe-null-3.pdf, id=523, 289.08pt x 289.08pt>
File: anscombe-null-3.pdf Graphic file (type pdf)
 <use anscombe-null-3.pdf>
Package pdftex.def Info: anscombe-null-3.pdf used on input line 598.
(pdftex.def)             Requested size: 289.07928pt x 289.07928pt.

Overfull \hbox (29.5907pt too wide) in paragraph at lines 598--598
 [] 
 []

<anscombe-nbin-3.pdf, id=524, 361.35pt x 289.08pt>
File: anscombe-nbin-3.pdf Graphic file (type pdf)
 <use anscombe-nbin-3.pdf>
Package pdftex.def Info: anscombe-nbin-3.pdf used on input line 598.
(pdftex.def)             Requested size: 361.34912pt x 289.07928pt.

Overfull \hbox (47.65816pt too wide) in paragraph at lines 598--598
 [] 
 []


Underfull \hbox (badness 10000) in paragraph at lines 600--600
[]|\OT1/ptm/m/n/10 Same
 []


Underfull \hbox (badness 10000) in paragraph at lines 600--600
\OT1/ptm/m/n/10 val-ues
 []


Underfull \hbox (badness 10000) in paragraph at lines 600--600
\OT1/ptm/m/n/10 with one
 []

<anscombe-4.pdf, id=525, 289.08pt x 289.08pt>
File: anscombe-4.pdf Graphic file (type pdf)
 <use anscombe-4.pdf>
Package pdftex.def Info: anscombe-4.pdf used on input line 600.
(pdftex.def)             Requested size: 289.07928pt x 289.07928pt.

Overfull \hbox (29.5907pt too wide) in paragraph at lines 600--600
 [] 
 []


Underfull \hbox (badness 10000) in paragraph at lines 600--600
[]|\OT1/ptm/m/n/10 Simulation
 []

<anscombe-null-4.pdf, id=526, 289.08pt x 289.08pt>
File: anscombe-null-4.pdf Graphic file (type pdf)
 <use anscombe-null-4.pdf>
Package pdftex.def Info: anscombe-null-4.pdf used on input line 600.
(pdftex.def)             Requested size: 289.07928pt x 289.07928pt.

Overfull \hbox (29.5907pt too wide) in paragraph at lines 600--600
 [] 
 []

<anscombe-nbin-4.pdf, id=527, 361.35pt x 289.08pt>
File: anscombe-nbin-4.pdf Graphic file (type pdf)
 <use anscombe-nbin-4.pdf>
Package pdftex.def Info: anscombe-nbin-4.pdf used on input line 600.
(pdftex.def)             Requested size: 361.34912pt x 289.07928pt.

Overfull \hbox (47.65816pt too wide) in paragraph at lines 600--600
 [] 
 []

<data1.pdf, id=528, 289.08pt x 289.08pt>
File: data1.pdf Graphic file (type pdf)
 <use data1.pdf>
Package pdftex.def Info: data1.pdf used on input line 602.
(pdftex.def)             Requested size: 289.07928pt x 289.07928pt.

Overfull \hbox (29.5907pt too wide) in paragraph at lines 602--602
 [] 
 []

<null1.pdf, id=529, 289.08pt x 289.08pt>
File: null1.pdf Graphic file (type pdf)
 <use null1.pdf>
Package pdftex.def Info: null1.pdf used on input line 602.
(pdftex.def)             Requested size: 289.07928pt x 289.07928pt.

Overfull \hbox (29.5907pt too wide) in paragraph at lines 602--602
 [] 
 []

<bin-select-plot1.pdf, id=530, 361.35pt x 289.08pt>
File: bin-select-plot1.pdf Graphic file (type pdf)
 <use bin-select-plot1.pdf>
Package pdftex.def Info: bin-select-plot1.pdf used on input line 602.
(pdftex.def)             Requested size: 361.34912pt x 289.07928pt.

Overfull \hbox (47.65816pt too wide) in paragraph at lines 602--602
 [] 
 []


Overfull \hbox (36.1684pt too wide) in paragraph at lines 588--614
 [][] 
 []


Underfull \hbox (badness 10000) in paragraph at lines 622--622
[]|\OT1/ptm/m/n/10 Type of
 []


Underfull \hbox (badness 10000) in paragraph at lines 622--622
[]|\OT1/ptm/m/n/10 Null Gen-
 []


Underfull \hbox (badness 10000) in paragraph at lines 622--622
\OT1/ptm/m/n/10 er-at-ing
 []


Overfull \hbox (3.2703pt too wide) in paragraph at lines 624--624
[]|\OT1/ptm/m/n/10 Categorical| 
 []

<data2.pdf, id=531, 289.08pt x 289.08pt>
File: data2.pdf Graphic file (type pdf)
 <use data2.pdf>
Package pdftex.def Info: data2.pdf used on input line 624.
(pdftex.def)             Requested size: 289.07928pt x 289.07928pt.

Overfull \hbox (29.5907pt too wide) in paragraph at lines 624--624
 [] 
 []


Underfull \hbox (badness 10000) in paragraph at lines 624--624
[]|\OT1/ptm/m/n/10 Simulation
 []


Underfull \hbox (badness 10000) in paragraph at lines 624--624
\OT1/ptm/m/n/10 from a
 []


Underfull \hbox (badness 10000) in paragraph at lines 624--624
\OT1/ptm/m/n/10 Nor-mal
 []

<null2.pdf, id=532, 289.08pt x 289.08pt>
File: null2.pdf Graphic file (type pdf)
 <use null2.pdf>
Package pdftex.def Info: null2.pdf used on input line 624.
(pdftex.def)             Requested size: 289.07928pt x 289.07928pt.

Overfull \hbox (29.5907pt too wide) in paragraph at lines 624--624
 [] 
 []

<bin-select-plot2.pdf, id=533, 361.35pt x 289.08pt>
File: bin-select-plot2.pdf Graphic file (type pdf)
 <use bin-select-plot2.pdf>
Package pdftex.def Info: bin-select-plot2.pdf used on input line 624.
(pdftex.def)             Requested size: 361.34912pt x 289.07928pt.

Overfull \hbox (47.65816pt too wide) in paragraph at lines 624--624
 [] 
 []


Underfull \hbox (badness 10000) in paragraph at lines 626--626
[]|\OT1/ptm/m/n/10 Nonlinear
 []


Underfull \hbox (badness 10000) in paragraph at lines 626--626
\OT1/ptm/m/n/10 re-la-tion
 []


Underfull \hbox (badness 10000) in paragraph at lines 626--626
\OT1/ptm/m/n/10 with
 []

<data3.pdf, id=534, 289.08pt x 289.08pt>
File: data3.pdf Graphic file (type pdf)
 <use data3.pdf>
Package pdftex.def Info: data3.pdf used on input line 626.
(pdftex.def)             Requested size: 289.07928pt x 289.07928pt.

Overfull \hbox (29.5907pt too wide) in paragraph at lines 626--626
 [] 
 []

<null3.pdf, id=535, 289.08pt x 289.08pt>
File: null3.pdf Graphic file (type pdf)
 <use null3.pdf>
Package pdftex.def Info: null3.pdf used on input line 626.
(pdftex.def)             Requested size: 289.07928pt x 289.07928pt.

Overfull \hbox (29.5907pt too wide) in paragraph at lines 626--626
 [] 
 []

<bin-select-plot3.pdf, id=536, 361.35pt x 289.08pt>
File: bin-select-plot3.pdf Graphic file (type pdf)
 <use bin-select-plot3.pdf>
Package pdftex.def Info: bin-select-plot3.pdf used on input line 626.
(pdftex.def)             Requested size: 361.34912pt x 289.07928pt.

Overfull \hbox (47.65816pt too wide) in paragraph at lines 626--626
 [] 
 []


Underfull \hbox (badness 10000) in paragraph at lines 628--628
[]|\OT1/ptm/m/n/10 Linear
 []


Underfull \hbox (badness 10000) in paragraph at lines 628--628
\OT1/ptm/m/n/10 re-la-tion-
 []


Underfull \hbox (badness 5563) in paragraph at lines 628--628
\OT1/ptm/m/n/10 ship with
 []

<data5.pdf, id=537, 289.08pt x 289.08pt>
File: data5.pdf Graphic file (type pdf)
 <use data5.pdf>
Package pdftex.def Info: data5.pdf used on input line 628.
(pdftex.def)             Requested size: 289.07928pt x 289.07928pt.

Overfull \hbox (29.5907pt too wide) in paragraph at lines 628--628
 [] 
 []

<null5.pdf, id=538, 289.08pt x 289.08pt>
File: null5.pdf Graphic file (type pdf)
 <use null5.pdf>
Package pdftex.def Info: null5.pdf used on input line 628.
(pdftex.def)             Requested size: 289.07928pt x 289.07928pt.

Overfull \hbox (29.5907pt too wide) in paragraph at lines 628--628
 [] 
 []

<bin-select-plot5.pdf, id=539, 361.35pt x 289.08pt>
File: bin-select-plot5.pdf Graphic file (type pdf)
 <use bin-select-plot5.pdf>
Package pdftex.def Info: bin-select-plot5.pdf used on input line 628.
(pdftex.def)             Requested size: 361.34912pt x 289.07928pt.

Overfull \hbox (47.65816pt too wide) in paragraph at lines 628--628
 [] 
 []


Underfull \hbox (badness 10000) in paragraph at lines 630--630
[]|\OT1/ptm/m/n/10 Residual
 []

<data4.pdf, id=540, 289.08pt x 289.08pt>
File: data4.pdf Graphic file (type pdf)
 <use data4.pdf>
Package pdftex.def Info: data4.pdf used on input line 630.
(pdftex.def)             Requested size: 289.07928pt x 289.07928pt.

Overfull \hbox (29.5907pt too wide) in paragraph at lines 630--630
 [] 
 []


Underfull \hbox (badness 10000) in paragraph at lines 630--630
[]|\OT1/ptm/m/n/10 Simulation
 []

<null4.pdf, id=541, 289.08pt x 289.08pt>
File: null4.pdf Graphic file (type pdf)
 <use null4.pdf>
Package pdftex.def Info: null4.pdf used on input line 630.
(pdftex.def)             Requested size: 289.07928pt x 289.07928pt.

Overfull \hbox (29.5907pt too wide) in paragraph at lines 630--630
 [] 
 []

<bin-select-plot4.pdf, id=542, 361.35pt x 289.08pt>
File: bin-select-plot4.pdf Graphic file (type pdf)
 <use bin-select-plot4.pdf>
Package pdftex.def Info: bin-select-plot4.pdf used on input line 630.
(pdftex.def)             Requested size: 361.34912pt x 289.07928pt.

Overfull \hbox (47.65816pt too wide) in paragraph at lines 630--630
 [] 
 []


Underfull \hbox (badness 10000) in paragraph at lines 632--632
[]|\OT1/ptm/m/n/10 Residual
 []

<data6.pdf, id=543, 289.08pt x 289.08pt>
File: data6.pdf Graphic file (type pdf)
 <use data6.pdf>
Package pdftex.def Info: data6.pdf used on input line 632.
(pdftex.def)             Requested size: 289.07928pt x 289.07928pt.

Overfull \hbox (29.5907pt too wide) in paragraph at lines 632--632
 [] 
 []


Underfull \hbox (badness 10000) in paragraph at lines 632--632
[]|\OT1/ptm/m/n/10 Simulation
 []

<null6.pdf, id=544, 289.08pt x 289.08pt>
File: null6.pdf Graphic file (type pdf)
 <use null6.pdf>
Package pdftex.def Info: null6.pdf used on input line 632.
(pdftex.def)             Requested size: 289.07928pt x 289.07928pt.

Overfull \hbox (29.5907pt too wide) in paragraph at lines 632--632
 [] 
 []

<bin-select-plot6.pdf, id=545, 361.35pt x 289.08pt>
File: bin-select-plot6.pdf Graphic file (type pdf)
 <use bin-select-plot6.pdf>
Package pdftex.def Info: bin-select-plot6.pdf used on input line 632.
(pdftex.def)             Requested size: 361.34912pt x 289.07928pt.

Overfull \hbox (47.65816pt too wide) in paragraph at lines 632--632
 [] 
 []

<data7.pdf, id=546, 289.08pt x 289.08pt>
File: data7.pdf Graphic file (type pdf)
 <use data7.pdf>
Package pdftex.def Info: data7.pdf used on input line 634.
(pdftex.def)             Requested size: 289.07928pt x 289.07928pt.

Overfull \hbox (29.5907pt too wide) in paragraph at lines 634--634
 [] 
 []

<null7.pdf, id=547, 289.08pt x 289.08pt>
File: null7.pdf Graphic file (type pdf)
 <use null7.pdf>
Package pdftex.def Info: null7.pdf used on input line 634.
(pdftex.def)             Requested size: 289.07928pt x 289.07928pt.

Overfull \hbox (29.5907pt too wide) in paragraph at lines 634--634
 [] 
 []

<bin-select-plot7.pdf, id=548, 361.35pt x 289.08pt>
File: bin-select-plot7.pdf Graphic file (type pdf)
 <use bin-select-plot7.pdf>
Package pdftex.def Info: bin-select-plot7.pdf used on input line 634.
(pdftex.def)             Requested size: 361.34912pt x 289.07928pt.

Overfull \hbox (47.65816pt too wide) in paragraph at lines 634--634
 [] 
 []


Overfull \hbox (13.43019pt too wide) in paragraph at lines 636--636
[]|\OT1/ptm/m/n/10 Contaminated
 []

<data8.pdf, id=549, 289.08pt x 289.08pt>
File: data8.pdf Graphic file (type pdf)
 <use data8.pdf>
Package pdftex.def Info: data8.pdf used on input line 636.
(pdftex.def)             Requested size: 289.07928pt x 289.07928pt.

Overfull \hbox (29.5907pt too wide) in paragraph at lines 636--636
 [] 
 []

<null8.pdf, id=550, 289.08pt x 289.08pt>
File: null8.pdf Graphic file (type pdf)
 <use null8.pdf>
Package pdftex.def Info: null8.pdf used on input line 636.
(pdftex.def)             Requested size: 289.07928pt x 289.07928pt.

Overfull \hbox (29.5907pt too wide) in paragraph at lines 636--636
 [] 
 []

<bin-select-plot8.pdf, id=551, 361.35pt x 289.08pt>
File: bin-select-plot8.pdf Graphic file (type pdf)
 <use bin-select-plot8.pdf>
Package pdftex.def Info: bin-select-plot8.pdf used on input line 636.
(pdftex.def)             Requested size: 361.34912pt x 289.07928pt.

Overfull \hbox (47.65816pt too wide) in paragraph at lines 636--636
 [] 
 []


Overfull \hbox (36.1684pt too wide) in paragraph at lines 620--648
 [][] 
 []

LaTeX Font Info:    Font shape `OT1/ptm/bx/n' in size <12> not available
(Font)              Font shape `OT1/ptm/b/n' tried instead on input line 663.

Underfull \hbox (badness 10000) in paragraph at lines 665--666

 []

<turk1-example.pdf, id=552, 397.485pt x 361.35pt>
File: turk1-example.pdf Graphic file (type pdf)
 <use turk1-example.pdf>
Package pdftex.def Info: turk1-example.pdf used on input line 669.
(pdftex.def)             Requested size: 234.8775pt x 213.53099pt.

[11] [12 <./anscombe-1.pdf> <./anscombe-null-1.pdf> <./anscombe-nbin-1.pdf> <./
anscombe-2.pdf> <./anscombe-null-2.pdf> <./anscombe-nbin-2.pdf> <./anscombe-3.p
df> <./anscombe-null-3.pdf> <./anscombe-nbin-3.pdf> <./anscombe-4.pdf> <./ansco
mbe-null-4.pdf> <./anscombe-nbin-4.pdf> <./data1.pdf> <./null1.pdf> <./bin-sele
ct-plot1.pdf>] [13 <./data2.pdf> <./null2.pdf> <./bin-select-plot2.pdf> <./data
3.pdf> <./null3.pdf> <./bin-select-plot3.pdf> <./data5.pdf> <./null5.pdf> <./bi
n-select-plot5.pdf> <./data4.pdf> <./null4.pdf> <./bin-select-plot4.pdf> <./dat
a6.pdf> <./null6.pdf> <./bin-select-plot6.pdf> <./data7.pdf> <./null7.pdf> <./b
in-select-plot7.pdf> <./data8.pdf> <./null8.pdf> <./bin-select-plot8.pdf>]
<turk1-prop-box-bin.pdf, id=794, 614.295pt x 289.08pt>
File: turk1-prop-box-bin.pdf Graphic file (type pdf)

<use turk1-prop-box-bin.pdf>
Package pdftex.def Info: turk1-prop-box-bin.pdf used on input line 684.
(pdftex.def)             Requested size: 460.72011pt x 216.80946pt.

<turk1-grtr-box-bin.pdf, id=795, 614.295pt x 289.08pt>
File: turk1-grtr-box-bin.pdf Graphic file (type pdf)

<use turk1-grtr-box-bin.pdf>
Package pdftex.def Info: turk1-grtr-box-bin.pdf used on input line 688.
(pdftex.def)             Requested size: 460.72011pt x 216.80946pt.

<turk1-mtime-box-bin.pdf, id=796, 614.295pt x 289.08pt>
File: turk1-mtime-box-bin.pdf Graphic file (type pdf)

<use turk1-mtime-box-bin.pdf>
Package pdftex.def Info: turk1-mtime-box-bin.pdf used on input line 729.
(pdftex.def)             Requested size: 460.72011pt x 216.80946pt.
 [14 <./turk1-example.pdf>] [15 <./turk1-prop-box-bin.pdf> <./turk1-grtr-box-bi
n.pdf>]
<lineup-high-prop-neg-diff.pdf, id=822, 325.215pt x 289.08pt>
File: lineup-high-prop-neg-diff.pdf Graphic file (type pdf)

<use lineup-high-prop-neg-diff.pdf>
Package pdftex.def Info: lineup-high-prop-neg-diff.pdf used on input line 751.
(pdftex.def)             Requested size: 227.64894pt x 202.35461pt.

<distribution-box-dist-exp1.pdf, id=823, 325.215pt x 289.08pt>
File: distribution-box-dist-exp1.pdf Graphic file (type pdf)

<use distribution-box-dist-exp1.pdf>
Package pdftex.def Info: distribution-box-dist-exp1.pdf used on input line 755.

(pdftex.def)             Requested size: 227.64894pt x 202.35461pt.

<distribution-bin-dist-2-8-exp1.pdf, id=824, 325.215pt x 289.08pt>
File: distribution-bin-dist-2-8-exp1.pdf Graphic file (type pdf)

<use distribution-bin-dist-2-8-exp1.pdf>
Package pdftex.def Info: distribution-bin-dist-2-8-exp1.pdf used on input line 
759.
(pdftex.def)             Requested size: 227.64894pt x 202.35461pt.

<distribution-bin-dist-2-2-exp1.pdf, id=825, 325.215pt x 289.08pt>
File: distribution-bin-dist-2-2-exp1.pdf Graphic file (type pdf)

<use distribution-bin-dist-2-2-exp1.pdf>
Package pdftex.def Info: distribution-bin-dist-2-2-exp1.pdf used on input line 
763.
(pdftex.def)             Requested size: 227.64894pt x 202.35461pt.

<turk2-example.pdf, id=826, 397.485pt x 361.35pt>
File: turk2-example.pdf Graphic file (type pdf)
 <use turk2-example.pdf>
Package pdftex.def Info: turk2-example.pdf used on input line 779.
(pdftex.def)             Requested size: 234.8775pt x 213.53099pt.

<turk2-prop-reg-bin.pdf, id=827, 614.295pt x 289.08pt>
File: turk2-prop-reg-bin.pdf Graphic file (type pdf)

<use turk2-prop-reg-bin.pdf>
Package pdftex.def Info: turk2-prop-reg-bin.pdf used on input line 793.
(pdftex.def)             Requested size: 460.72011pt x 216.80946pt.

<turk2-grtr-reg-bin.pdf, id=828, 614.295pt x 289.08pt>
File: turk2-grtr-reg-bin.pdf Graphic file (type pdf)

<use turk2-grtr-reg-bin.pdf>
Package pdftex.def Info: turk2-grtr-reg-bin.pdf used on input line 797.
(pdftex.def)             Requested size: 460.72011pt x 216.80946pt.
 [16 <./turk1-mtime-box-bin.pdf>] [17 <./lineup-high-prop-neg-diff.pdf> <./dist
ribution-box-dist-exp1.pdf> <./distribution-bin-dist-2-8-exp1.pdf> <./distribut
ion-bin-dist-2-2-exp1.pdf>]
<turk2-mtime-reg-bin.pdf, id=872, 614.295pt x 289.08pt>
File: turk2-mtime-reg-bin.pdf Graphic file (type pdf)

<use turk2-mtime-reg-bin.pdf>
Package pdftex.def Info: turk2-mtime-reg-bin.pdf used on input line 818.
(pdftex.def)             Requested size: 460.72011pt x 216.80946pt.

<lineup-exp2-neg-diff-large-prop.pdf, id=873, 325.215pt x 289.08pt>
File: lineup-exp2-neg-diff-large-prop.pdf Graphic file (type pdf)

<use lineup-exp2-neg-diff-large-prop.pdf>
Package pdftex.def Info: lineup-exp2-neg-diff-large-prop.pdf used on input line
 842.
(pdftex.def)             Requested size: 227.64894pt x 202.35461pt.

<distribution-reg-dist-exp2.pdf, id=874, 325.215pt x 289.08pt>
File: distribution-reg-dist-exp2.pdf Graphic file (type pdf)

<use distribution-reg-dist-exp2.pdf>
Package pdftex.def Info: distribution-reg-dist-exp2.pdf used on input line 846.

(pdftex.def)             Requested size: 227.64894pt x 202.35461pt.

<distribution-bin-dist-2-2-exp2.pdf, id=875, 325.215pt x 289.08pt>
File: distribution-bin-dist-2-2-exp2.pdf Graphic file (type pdf)

<use distribution-bin-dist-2-2-exp2.pdf>
Package pdftex.def Info: distribution-bin-dist-2-2-exp2.pdf used on input line 
850.
(pdftex.def)             Requested size: 227.64894pt x 202.35461pt.

<distribution-bin-dist-8-2-exp2.pdf, id=876, 325.215pt x 289.08pt>
File: distribution-bin-dist-8-2-exp2.pdf Graphic file (type pdf)

<use distribution-bin-dist-8-2-exp2.pdf>
Package pdftex.def Info: distribution-bin-dist-8-2-exp2.pdf used on input line 
854.
(pdftex.def)             Requested size: 227.64894pt x 202.35461pt.

<distribution-reg-no-int-dist-exp2.pdf, id=877, 325.215pt x 289.08pt>
File: distribution-reg-no-int-dist-exp2.pdf Graphic file (type pdf)

<use distribution-reg-no-int-dist-exp2.pdf>
Package pdftex.def Info: distribution-reg-no-int-dist-exp2.pdf used on input li
ne 858.
(pdftex.def)             Requested size: 227.64894pt x 202.35461pt.

<distribution-pval-exp2.pdf, id=878, 325.215pt x 289.08pt>
File: distribution-pval-exp2.pdf Graphic file (type pdf)

<use distribution-pval-exp2.pdf>
Package pdftex.def Info: distribution-pval-exp2.pdf used on input line 862.
(pdftex.def)             Requested size: 227.64894pt x 202.35461pt.


LaTeX Warning: Float too large for page by 85.83109pt on input line 867.

<rel-pvalue.pdf, id=879, 289.08pt x 180.675pt>
File: rel-pvalue.pdf Graphic file (type pdf)
 <use rel-pvalue.pdf>
Package pdftex.def Info: rel-pvalue.pdf used on input line 873.
(pdftex.def)             Requested size: 234.8775pt x 146.79807pt.

<largep-example.pdf, id=880, 547.09662pt x 467.85318pt>
File: largep-example.pdf Graphic file (type pdf)

<use largep-example.pdf>
Package pdftex.def Info: largep-example.pdf used on input line 890.
(pdftex.def)             Requested size: 328.82707pt x 281.19237pt.
 [18 <./turk2-example.pdf>] [19 <./turk2-prop-reg-bin.pdf> <./turk2-grtr-reg-bi
n.pdf>]
<largep-prop-sep-bin.pdf, id=909, 614.295pt x 289.08pt>
File: largep-prop-sep-bin.pdf Graphic file (type pdf)

<use largep-prop-sep-bin.pdf>
Package pdftex.def Info: largep-prop-sep-bin.pdf used on input line 904.
(pdftex.def)             Requested size: 460.72011pt x 216.80946pt.

<largep-grtr-sep-bin.pdf, id=910, 614.295pt x 289.08pt>
File: largep-grtr-sep-bin.pdf Graphic file (type pdf)

<use largep-grtr-sep-bin.pdf>
Package pdftex.def Info: largep-grtr-sep-bin.pdf used on input line 908.
(pdftex.def)             Requested size: 460.72011pt x 216.80946pt.

<largep-mtime-sep-bin.pdf, id=911, 614.295pt x 289.08pt>
File: largep-mtime-sep-bin.pdf Graphic file (type pdf)

<use largep-mtime-sep-bin.pdf>
Package pdftex.def Info: largep-mtime-sep-bin.pdf used on input line 927.
(pdftex.def)             Requested size: 460.72011pt x 216.80946pt.

<lineup-large-p-small-n.pdf, id=912, 325.215pt x 289.08pt>
File: lineup-large-p-small-n.pdf Graphic file (type pdf)

<use lineup-large-p-small-n.pdf>
Package pdftex.def Info: lineup-large-p-small-n.pdf used on input line 949.
(pdftex.def)             Requested size: 227.64894pt x 202.35461pt.

<distribution-bin-dist-6-4-lpexp.pdf, id=913, 325.215pt x 289.08pt>
File: distribution-bin-dist-6-4-lpexp.pdf Graphic file (type pdf)

<use distribution-bin-dist-6-4-lpexp.pdf>
Package pdftex.def Info: distribution-bin-dist-6-4-lpexp.pdf used on input line
 953.
(pdftex.def)             Requested size: 227.64894pt x 202.35461pt.

<distribution-min-sep-dist-lpexp.pdf, id=914, 325.215pt x 289.08pt>
File: distribution-min-sep-dist-lpexp.pdf Graphic file (type pdf)

<use distribution-min-sep-dist-lpexp.pdf>
Package pdftex.def Info: distribution-min-sep-dist-lpexp.pdf used on input line
 957.
(pdftex.def)             Requested size: 227.64894pt x 202.35461pt.

<distribution-ave-sep-dist-lpexp.pdf, id=915, 325.215pt x 289.08pt>
File: distribution-ave-sep-dist-lpexp.pdf Graphic file (type pdf)

<use distribution-ave-sep-dist-lpexp.pdf>
Package pdftex.def Info: distribution-ave-sep-dist-lpexp.pdf used on input line
 961.
(pdftex.def)             Requested size: 227.64894pt x 202.35461pt.
 [20 <./turk2-mtime-reg-bin.pdf>]
[21 <./lineup-exp2-neg-diff-large-prop.pdf> <./distribution-reg-dist-exp2.pdf> 
<./distribution-bin-dist-2-2-exp2.pdf> <./distribution-bin-dist-8-2-exp2.pdf> <
./distribution-reg-no-int-dist-exp2.pdf> <./distribution-pval-exp2.pdf>]
[22 <./rel-pvalue.pdf> <./largep-example.pdf>] [23 <./largep-prop-sep-bin.pdf> 
<./largep-grtr-sep-bin.pdf>]
Underfull \hbox (badness 10000) in paragraph at lines 973--974

 []


Underfull \hbox (badness 10000) in paragraph at lines 975--976

 []


Underfull \hbox (badness 10000) in paragraph at lines 977--978

 []

[24 <./largep-mtime-sep-bin.pdf>] [25 <./lineup-large-p-small-n.pdf> <./distrib
ution-bin-dist-6-4-lpexp.pdf> <./distribution-min-sep-dist-lpexp.pdf> <./distri
bution-ave-sep-dist-lpexp.pdf>]
LaTeX Font Info:    Font shape `OT1/ptm/bx/n' in size <10> not available
(Font)              Font shape `OT1/ptm/b/n' tried instead on input line 1566.
LaTeX Font Info:    Try loading font information for OT1+pcr on input line 1566
.

(/usr/local/texlive/2011/texmf-dist/tex/latex/psnfss/ot1pcr.fd
File: ot1pcr.fd 2001/06/04 font definitions for OT1/pcr.
)
(./metrics-paper.bbl) [26] (./metrics-paper.aux)

LaTeX Warning: There were multiply-defined labels.

 ) 
Here is how much of TeX's memory you used:
 4790 strings out of 493633
 67091 string characters out of 3143378
 155569 words of memory out of 3000000
 7920 multiletter control sequences out of 15000+200000
 28133 words of font info for 65 fonts, out of 3000000 for 9000
 831 hyphenation exceptions out of 8191
 37i,15n,24p,1318b,406s stack positions out of 5000i,500n,10000p,200000b,50000s
{/usr/local/texlive/2011/texmf-dist/fonts/enc/dvips/base/8r.enc}</usr/local/t
exlive/2011/texmf-dist/fonts/type1/public/amsfonts/cm/cmex10.pfb></usr/local/te
xlive/2011/texmf-dist/fonts/type1/public/amsfonts/cm/cmmi10.pfb></usr/local/tex
live/2011/texmf-dist/fonts/type1/public/amsfonts/cm/cmmi12.pfb></usr/local/texl
ive/2011/texmf-dist/fonts/type1/public/amsfonts/cm/cmmi5.pfb></usr/local/texliv
e/2011/texmf-dist/fonts/type1/public/amsfonts/cm/cmmi7.pfb></usr/local/texlive/
2011/texmf-dist/fonts/type1/public/amsfonts/cm/cmmi8.pfb></usr/local/texlive/20
11/texmf-dist/fonts/type1/public/amsfonts/cm/cmr10.pfb></usr/local/texlive/2011
/texmf-dist/fonts/type1/public/amsfonts/cm/cmr6.pfb></usr/local/texlive/2011/te
xmf-dist/fonts/type1/public/amsfonts/cm/cmr7.pfb></usr/local/texlive/2011/texmf
-dist/fonts/type1/public/amsfonts/cm/cmsy10.pfb></usr/local/texlive/2011/texmf-
dist/fonts/type1/public/amsfonts/cm/cmsy7.pfb></usr/local/texlive/2011/texmf-di
st/fonts/type1/public/amsfonts/symbols/msbm10.pfb></usr/local/texlive/2011/texm
f-dist/fonts/type1/urw/courier/ucrr8a.pfb></usr/local/texlive/2011/texmf-dist/f
onts/type1/urw/times/utmb8a.pfb></usr/local/texlive/2011/texmf-dist/fonts/type1
/urw/times/utmr8a.pfb></usr/local/texlive/2011/texmf-dist/fonts/type1/urw/times
/utmri8a.pfb>
Output written on metrics-paper.pdf (26 pages, 2104788 bytes).
PDF statistics:
 1438 PDF objects out of 1440 (max. 8388607)
 1062 compressed objects within 11 object streams
 0 named destinations out of 1000 (max. 500000)
 391 words of extra memory for PDF output out of 10000 (max. 10000000)

