This is pdfTeX, Version 3.1415926-2.4-1.40.13 (TeX Live 2012) (format=pdflatex 2012.6.30)  31 AUG 2015 12:08
entering extended mode
 \write18 enabled.
 %&-line parsing enabled.
**metrics-paper.tex
(./metrics-paper.tex
LaTeX2e <2011/06/27>
Babel <v3.8m> and hyphenation patterns for english, dumylang, nohyphenation, ge
rman-x-2012-05-30, ngerman-x-2012-05-30, afrikaans, ancientgreek, ibycus, arabi
c, armenian, basque, bulgarian, catalan, pinyin, coptic, croatian, czech, danis
h, dutch, ukenglish, usenglishmax, esperanto, estonian, ethiopic, farsi, finnis
h, french, friulan, galician, german, ngerman, swissgerman, monogreek, greek, h
ungarian, icelandic, assamese, bengali, gujarati, hindi, kannada, malayalam, ma
rathi, oriya, panjabi, tamil, telugu, indonesian, interlingua, irish, italian, 
kurmanji, latin, latvian, lithuanian, mongolian, mongolianlmc, bokmal, nynorsk,
 polish, portuguese, romanian, romansh, russian, sanskrit, serbian, serbianc, s
lovak, slovenian, spanish, swedish, turkish, turkmen, ukrainian, uppersorbian, 
welsh, loaded.
(/usr/local/texlive/2012/texmf-dist/tex/latex/base/article.cls
Document Class: article 2007/10/19 v1.4h Standard LaTeX document class
(/usr/local/texlive/2012/texmf-dist/tex/latex/base/size10.clo
File: size10.clo 2007/10/19 v1.4h Standard LaTeX file (size option)
)
\c@part=\count79
\c@section=\count80
\c@subsection=\count81
\c@subsubsection=\count82
\c@paragraph=\count83
\c@subparagraph=\count84
\c@figure=\count85
\c@table=\count86
\abovecaptionskip=\skip41
\belowcaptionskip=\skip42
\bibindent=\dimen102
)
(/usr/local/texlive/2012/texmf-dist/tex/latex/psnfss/times.sty
Package: times 2005/04/12 PSNFSS-v9.2a (SPQR) 
)
(/usr/local/texlive/2012/texmf-dist/tex/latex/natbib/natbib.sty
Package: natbib 2010/09/13 8.31b (PWD, AO)
\bibhang=\skip43
\bibsep=\skip44
LaTeX Info: Redefining \cite on input line 694.
\c@NAT@ctr=\count87
)
(/usr/local/texlive/2012/texmf-dist/tex/latex/graphics/color.sty
Package: color 2005/11/14 v1.0j Standard LaTeX Color (DPC)

(/usr/local/texlive/2012/texmf-dist/tex/latex/latexconfig/color.cfg
File: color.cfg 2007/01/18 v1.5 color configuration of teTeX/TeXLive
)
Package color Info: Driver file: pdftex.def on input line 130.

(/usr/local/texlive/2012/texmf-dist/tex/latex/pdftex-def/pdftex.def
File: pdftex.def 2011/05/27 v0.06d Graphics/color for pdfTeX

(/usr/local/texlive/2012/texmf-dist/tex/generic/oberdiek/infwarerr.sty
Package: infwarerr 2010/04/08 v1.3 Providing info/warning/error messages (HO)
)
(/usr/local/texlive/2012/texmf-dist/tex/generic/oberdiek/ltxcmds.sty
Package: ltxcmds 2011/11/09 v1.22 LaTeX kernel commands for general use (HO)
)
\Gread@gobject=\count88
))
(/usr/local/texlive/2012/texmf-dist/tex/latex/subfigure/subfigure.sty
Package: subfigure 2002/03/15 v2.1.5 subfigure package
\subfigtopskip=\skip45
\subfigcapskip=\skip46
\subfigcaptopadj=\dimen103
\subfigbottomskip=\skip47
\subfigcapmargin=\dimen104
\subfiglabelskip=\skip48
\c@subfigure=\count89
\c@lofdepth=\count90
\c@subtable=\count91
\c@lotdepth=\count92

****************************************
* Local config file subfigure.cfg used *
****************************************
(/usr/local/texlive/2012/texmf-dist/tex/latex/subfigure/subfigure.cfg)
\subfig@top=\skip49
\subfig@bottom=\skip50
)
(/usr/local/texlive/2012/texmf-dist/tex/latex/hyperref/hyperref.sty
Package: hyperref 2012/05/13 v6.82q Hypertext links for LaTeX

(/usr/local/texlive/2012/texmf-dist/tex/generic/oberdiek/hobsub-hyperref.sty
Package: hobsub-hyperref 2012/05/28 v1.13 Bundle oberdiek, subset hyperref (HO)


(/usr/local/texlive/2012/texmf-dist/tex/generic/oberdiek/hobsub-generic.sty
Package: hobsub-generic 2012/05/28 v1.13 Bundle oberdiek, subset generic (HO)
Package: hobsub 2012/05/28 v1.13 Construct package bundles (HO)
Package hobsub Info: Skipping package `infwarerr' (already loaded).
Package hobsub Info: Skipping package `ltxcmds' (already loaded).
Package: ifluatex 2010/03/01 v1.3 Provides the ifluatex switch (HO)
Package ifluatex Info: LuaTeX not detected.
Package: ifvtex 2010/03/01 v1.5 Detect VTeX and its facilities (HO)
Package ifvtex Info: VTeX not detected.
Package: intcalc 2007/09/27 v1.1 Expandable calculations with integers (HO)
Package: ifpdf 2011/01/30 v2.3 Provides the ifpdf switch (HO)
Package ifpdf Info: pdfTeX in PDF mode is detected.
Package: etexcmds 2011/02/16 v1.5 Avoid name clashes with e-TeX commands (HO)
Package etexcmds Info: Could not find \expanded.
(etexcmds)             That can mean that you are not using pdfTeX 1.50 or
(etexcmds)             that some package has redefined \expanded.
(etexcmds)             In the latter case, load this package earlier.
Package: kvsetkeys 2012/04/25 v1.16 Key value parser (HO)
Package: kvdefinekeys 2011/04/07 v1.3 Define keys (HO)
Package: pdftexcmds 2011/11/29 v0.20 Utility functions of pdfTeX for LuaTeX (HO
)
Package pdftexcmds Info: LuaTeX not detected.
Package pdftexcmds Info: \pdf@primitive is available.
Package pdftexcmds Info: \pdf@ifprimitive is available.
Package pdftexcmds Info: \pdfdraftmode found.
Package: pdfescape 2011/11/25 v1.13 Implements pdfTeX's escape features (HO)
Package: bigintcalc 2012/04/08 v1.3 Expandable calculations on big integers (HO
)
Package: bitset 2011/01/30 v1.1 Handle bit-vector datatype (HO)
Package: uniquecounter 2011/01/30 v1.2 Provide unlimited unique counter (HO)
)
Package hobsub Info: Skipping package `hobsub' (already loaded).
Package: letltxmacro 2010/09/02 v1.4 Let assignment for LaTeX macros (HO)
Package: hopatch 2012/05/28 v1.2 Wrapper for package hooks (HO)
Package: xcolor-patch 2011/01/30 xcolor patch
Package: atveryend 2011/06/30 v1.8 Hooks at the very end of document (HO)
Package atveryend Info: \enddocument detected (standard20110627).
Package: atbegshi 2011/10/05 v1.16 At begin shipout hook (HO)
Package: refcount 2011/10/16 v3.4 Data extraction from label references (HO)
Package: hycolor 2011/01/30 v1.7 Color options for hyperref/bookmark (HO)
)
(/usr/local/texlive/2012/texmf-dist/tex/latex/graphics/keyval.sty
Package: keyval 1999/03/16 v1.13 key=value parser (DPC)
\KV@toks@=\toks14
)
(/usr/local/texlive/2012/texmf-dist/tex/generic/ifxetex/ifxetex.sty
Package: ifxetex 2010/09/12 v0.6 Provides ifxetex conditional
)
(/usr/local/texlive/2012/texmf-dist/tex/latex/oberdiek/kvoptions.sty
Package: kvoptions 2011/06/30 v3.11 Key value format for package options (HO)
)
\@linkdim=\dimen105
\Hy@linkcounter=\count93
\Hy@pagecounter=\count94

(/usr/local/texlive/2012/texmf-dist/tex/latex/hyperref/pd1enc.def
File: pd1enc.def 2012/05/13 v6.82q Hyperref: PDFDocEncoding definition (HO)
)
\Hy@SavedSpaceFactor=\count95

(/usr/local/texlive/2012/texmf-dist/tex/latex/latexconfig/hyperref.cfg
File: hyperref.cfg 2002/06/06 v1.2 hyperref configuration of TeXLive
)
Package hyperref Info: Hyper figures OFF on input line 4062.
Package hyperref Info: Link nesting OFF on input line 4067.
Package hyperref Info: Hyper index ON on input line 4070.
Package hyperref Info: Plain pages OFF on input line 4077.
Package hyperref Info: Backreferencing OFF on input line 4082.
Package hyperref Info: Implicit mode ON; LaTeX internals redefined.
Package hyperref Info: Bookmarks ON on input line 4300.
\c@Hy@tempcnt=\count96

(/usr/local/texlive/2012/texmf-dist/tex/latex/url/url.sty
\Urlmuskip=\muskip10
Package: url 2006/04/12  ver 3.3  Verb mode for urls, etc.
)
LaTeX Info: Redefining \url on input line 4653.
\Fld@menulength=\count97
\Field@Width=\dimen106
\Fld@charsize=\dimen107
Package hyperref Info: Hyper figures OFF on input line 5773.
Package hyperref Info: Link nesting OFF on input line 5778.
Package hyperref Info: Hyper index ON on input line 5781.
Package hyperref Info: backreferencing OFF on input line 5788.
Package hyperref Info: Link coloring OFF on input line 5793.
Package hyperref Info: Link coloring with OCG OFF on input line 5798.
Package hyperref Info: PDF/A mode OFF on input line 5803.
LaTeX Info: Redefining \ref on input line 5843.
LaTeX Info: Redefining \pageref on input line 5847.
\Hy@abspage=\count98
\c@Item=\count99
\c@Hfootnote=\count100
)

Package hyperref Message: Driver (autodetected): hpdftex.

(/usr/local/texlive/2012/texmf-dist/tex/latex/hyperref/hpdftex.def
File: hpdftex.def 2012/05/13 v6.82q Hyperref driver for pdfTeX
\Fld@listcount=\count101
\c@bookmark@seq@number=\count102

(/usr/local/texlive/2012/texmf-dist/tex/latex/oberdiek/rerunfilecheck.sty
Package: rerunfilecheck 2011/04/15 v1.7 Rerun checks for auxiliary files (HO)
Package uniquecounter Info: New unique counter `rerunfilecheck' on input line 2
82.
)
\Hy@SectionHShift=\skip51
)
(/usr/local/texlive/2012/texmf-dist/tex/latex/amsmath/amsmath.sty
Package: amsmath 2000/07/18 v2.13 AMS math features
\@mathmargin=\skip52

For additional information on amsmath, use the `?' option.
(/usr/local/texlive/2012/texmf-dist/tex/latex/amsmath/amstext.sty
Package: amstext 2000/06/29 v2.01

(/usr/local/texlive/2012/texmf-dist/tex/latex/amsmath/amsgen.sty
File: amsgen.sty 1999/11/30 v2.0
\@emptytoks=\toks15
\ex@=\dimen108
))
(/usr/local/texlive/2012/texmf-dist/tex/latex/amsmath/amsbsy.sty
Package: amsbsy 1999/11/29 v1.2d
\pmbraise@=\dimen109
)
(/usr/local/texlive/2012/texmf-dist/tex/latex/amsmath/amsopn.sty
Package: amsopn 1999/12/14 v2.01 operator names
)
\inf@bad=\count103
LaTeX Info: Redefining \frac on input line 211.
\uproot@=\count104
\leftroot@=\count105
LaTeX Info: Redefining \overline on input line 307.
\classnum@=\count106
\DOTSCASE@=\count107
LaTeX Info: Redefining \ldots on input line 379.
LaTeX Info: Redefining \dots on input line 382.
LaTeX Info: Redefining \cdots on input line 467.
\Mathstrutbox@=\box26
\strutbox@=\box27
\big@size=\dimen110
LaTeX Font Info:    Redeclaring font encoding OML on input line 567.
LaTeX Font Info:    Redeclaring font encoding OMS on input line 568.
\macc@depth=\count108
\c@MaxMatrixCols=\count109
\dotsspace@=\muskip11
\c@parentequation=\count110
\dspbrk@lvl=\count111
\tag@help=\toks16
\row@=\count112
\column@=\count113
\maxfields@=\count114
\andhelp@=\toks17
\eqnshift@=\dimen111
\alignsep@=\dimen112
\tagshift@=\dimen113
\tagwidth@=\dimen114
\totwidth@=\dimen115
\lineht@=\dimen116
\@envbody=\toks18
\multlinegap=\skip53
\multlinetaggap=\skip54
\mathdisplay@stack=\toks19
LaTeX Info: Redefining \[ on input line 2666.
LaTeX Info: Redefining \] on input line 2667.
)
(/usr/local/texlive/2012/texmf-dist/tex/latex/amsfonts/amssymb.sty
Package: amssymb 2009/06/22 v3.00

(/usr/local/texlive/2012/texmf-dist/tex/latex/amsfonts/amsfonts.sty
Package: amsfonts 2009/06/22 v3.00 Basic AMSFonts support
\symAMSa=\mathgroup4
\symAMSb=\mathgroup5
LaTeX Font Info:    Overwriting math alphabet `\mathfrak' in version `bold'
(Font)                  U/euf/m/n --> U/euf/b/n on input line 96.
))
(/usr/local/texlive/2012/texmf-dist/tex/latex/preprint/fullpage.sty
Package: fullpage 1999/02/23 1.1 (PWD)
\FP@margin=\skip55
)
(/usr/local/texlive/2012/texmf-dist/tex/latex/amscls/amsthm.sty
Package: amsthm 2009/07/02 v2.20.1
\thm@style=\toks20
\thm@bodyfont=\toks21
\thm@headfont=\toks22
\thm@notefont=\toks23
\thm@headpunct=\toks24
\thm@preskip=\skip56
\thm@postskip=\skip57
\thm@headsep=\skip58
\dth@everypar=\toks25
)
(/usr/local/texlive/2012/texmf-dist/tex/latex/tools/array.sty
Package: array 2008/09/09 v2.4c Tabular extension package (FMi)
\col@sep=\dimen117
\extrarowheight=\dimen118
\NC@list=\toks26
\extratabsurround=\skip59
\backup@length=\skip60
)
(/usr/local/texlive/2012/texmf-dist/tex/latex/algorithm2e/algorithm2e.sty
Package: algorithm2e 2008/00/00 v3.10 algorithms environments
\c@AlgoLine=\count115

(/usr/local/texlive/2012/texmf-dist/tex/latex/base/ifthen.sty
Package: ifthen 2001/05/26 v1.1c Standard LaTeX ifthen package (DPC)
)
(/usr/local/texlive/2012/texmf-dist/tex/latex/tools/xspace.sty
Package: xspace 2009/10/20 v1.13 Space after command names (DPC,MH)
)
(/usr/local/texlive/2012/texmf-dist/tex/latex/relsize/relsize.sty
Package: relsize 2011/09/21 ver 4.0

Examine \normalsize starts \@setfontsize size may be \@xpt. 
Examine \small starts \@setfontsize size may be \@ixpt. 
Examine \footnotesize starts \@setfontsize size may be \@viiipt. 
Examine \large starts \@setfontsize size may be \@xiipt. 
Examine \Large starts \@setfontsize size may be \@xivpt. 
Examine \LARGE starts \@setfontsize size may be \@xviipt. 
Examine \scriptsize starts \@setfontsize size may be \@viipt. 
Examine \tiny starts \@setfontsize size may be \@vpt. 
Examine \huge starts \@setfontsize size may be \@xxpt. 
Examine \Huge starts \@setfontsize size may be \@xxvpt. )
********************************************************
Package `algorithm2e' Release 4.01 -- december 14 2009 --
- algorithm2e-announce@lirmm.fr mailing list for announcement about releases
- algorithm2e-discussion@lirmm.fr mailing list for discussion about package
subscribe by emailing sympa@lirmm.fr with 'subscribe <list> <firstname name>'
- Author: Christophe Fiorio (fiorio@lirmm.fr)
********************************************************
\skiptotal=\skip61
\skiplinenumber=\skip62
\skiprule=\skip63
\skiphlne=\skip64
\skiptext=\skip65
\skiplength=\skip66
\algomargin=\skip67
\skipalgocfslide=\skip68
\algowidth=\dimen119
\inoutsize=\dimen120
\inoutline=\dimen121
\interspacetitleruled=\dimen122
\interspacealgoruled=\dimen123
\interspacetitleboxruled=\dimen124
\algocf@inoutbox=\box28
\algocf@inputbox=\box29
\AlCapSkip=\skip69
\AlCapHSkip=\skip70
\algocf@nlbox=\box30
\algocf@hangingbox=\box31
\algocf@capbox=\box32
\algoheightruledefault=\skip71
\algoheightrule=\skip72
\algotitleheightruledefault=\skip73
\algotitleheightrule=\skip74
\c@algocfline=\count116
\c@algocfproc=\count117
\c@algocf=\count118
\algocf@algoframe=\box33
\algocf@algobox=\box34
) (/usr/local/texlive/2012/texmf-dist/tex/latex/graphics/graphicx.sty
Package: graphicx 1999/02/16 v1.0f Enhanced LaTeX Graphics (DPC,SPQR)

(/usr/local/texlive/2012/texmf-dist/tex/latex/graphics/graphics.sty
Package: graphics 2009/02/05 v1.0o Standard LaTeX Graphics (DPC,SPQR)

(/usr/local/texlive/2012/texmf-dist/tex/latex/graphics/trig.sty
Package: trig 1999/03/16 v1.09 sin cos tan (DPC)
)
(/usr/local/texlive/2012/texmf-dist/tex/latex/latexconfig/graphics.cfg
File: graphics.cfg 2010/04/23 v1.9 graphics configuration of TeX Live
)
Package graphics Info: Driver file: pdftex.def on input line 91.
)
\Gin@req@height=\dimen125
\Gin@req@width=\dimen126
)
\c@thm=\count119
\c@dfn=\count120
\c@cor=\count121
\c@con=\count122


LaTeX Warning: Unused global option(s):
    [12].

(./metrics-paper.aux

LaTeX Warning: Label `type_1' multiply defined.


LaTeX Warning: Label `sub@type_1' multiply defined.


LaTeX Warning: Label `type_2' multiply defined.


LaTeX Warning: Label `sub@type_2' multiply defined.


LaTeX Warning: Label `type_2' multiply defined.


LaTeX Warning: Label `sub@type_2' multiply defined.


LaTeX Warning: Label `type_1' multiply defined.


LaTeX Warning: Label `sub@type_1' multiply defined.


LaTeX Warning: Label `type_2' multiply defined.


LaTeX Warning: Label `sub@type_2' multiply defined.


LaTeX Warning: Label `plottype' multiply defined.


LaTeX Warning: Label `t1comp_1' multiply defined.


LaTeX Warning: Label `sub@t1comp_1' multiply defined.


LaTeX Warning: Label `t1bin_1' multiply defined.


LaTeX Warning: Label `sub@t1bin_1' multiply defined.


LaTeX Warning: Label `t1bin_1' multiply defined.


LaTeX Warning: Label `sub@t1bin_1' multiply defined.


LaTeX Warning: Label `t1bin_1' multiply defined.


LaTeX Warning: Label `sub@t1bin_1' multiply defined.


LaTeX Warning: Label `t2comp_1' multiply defined.


LaTeX Warning: Label `sub@t2comp_1' multiply defined.


LaTeX Warning: Label `t2comp_1' multiply defined.


LaTeX Warning: Label `sub@t2comp_1' multiply defined.


LaTeX Warning: Label `t2comp_2' multiply defined.


LaTeX Warning: Label `sub@t2comp_2' multiply defined.


LaTeX Warning: Label `t2comp_1' multiply defined.


LaTeX Warning: Label `sub@t2comp_1' multiply defined.


LaTeX Warning: Label `t2comp_1' multiply defined.


LaTeX Warning: Label `sub@t2comp_1' multiply defined.


LaTeX Warning: Label `t2comp_1' multiply defined.


LaTeX Warning: Label `sub@t2comp_1' multiply defined.


LaTeX Warning: Label `t2comp_1' multiply defined.


LaTeX Warning: Label `sub@t2comp_1' multiply defined.


LaTeX Warning: Label `t2comp_1' multiply defined.


LaTeX Warning: Label `sub@t2comp_1' multiply defined.


LaTeX Warning: Label `t2comp_2' multiply defined.


LaTeX Warning: Label `sub@t2comp_2' multiply defined.


LaTeX Warning: Label `t2comp_1' multiply defined.


LaTeX Warning: Label `sub@t2comp_1' multiply defined.

)
\openout1 = `metrics-paper.aux'.

LaTeX Font Info:    Checking defaults for OML/cmm/m/it on input line 29.
LaTeX Font Info:    ... okay on input line 29.
LaTeX Font Info:    Checking defaults for T1/cmr/m/n on input line 29.
LaTeX Font Info:    ... okay on input line 29.
LaTeX Font Info:    Checking defaults for OT1/cmr/m/n on input line 29.
LaTeX Font Info:    ... okay on input line 29.
LaTeX Font Info:    Checking defaults for OMS/cmsy/m/n on input line 29.
LaTeX Font Info:    ... okay on input line 29.
LaTeX Font Info:    Checking defaults for OMX/cmex/m/n on input line 29.
LaTeX Font Info:    ... okay on input line 29.
LaTeX Font Info:    Checking defaults for U/cmr/m/n on input line 29.
LaTeX Font Info:    ... okay on input line 29.
LaTeX Font Info:    Checking defaults for PD1/pdf/m/n on input line 29.
LaTeX Font Info:    ... okay on input line 29.
LaTeX Font Info:    Try loading font information for OT1+ptm on input line 29.
 (/usr/local/texlive/2012/texmf-dist/tex/latex/psnfss/ot1ptm.fd
File: ot1ptm.fd 2001/06/04 font definitions for OT1/ptm.
)
(/usr/local/texlive/2012/texmf-dist/tex/context/base/supp-pdf.mkii
[Loading MPS to PDF converter (version 2006.09.02).]
\scratchcounter=\count123
\scratchdimen=\dimen127
\scratchbox=\box35
\nofMPsegments=\count124
\nofMParguments=\count125
\everyMPshowfont=\toks27
\MPscratchCnt=\count126
\MPscratchDim=\dimen128
\MPnumerator=\count127
\makeMPintoPDFobject=\count128
\everyMPtoPDFconversion=\toks28
)
\AtBeginShipoutBox=\box36
Package hyperref Info: Link coloring OFF on input line 29.
 (/usr/local/texlive/2012/texmf-dist/tex/latex/hyperref/nameref.sty
Package: nameref 2010/04/30 v2.40 Cross-referencing by name of section

(/usr/local/texlive/2012/texmf-dist/tex/generic/oberdiek/gettitlestring.sty
Package: gettitlestring 2010/12/03 v1.4 Cleanup title references (HO)
)
\c@section@level=\count129
)
LaTeX Info: Redefining \ref on input line 29.
LaTeX Info: Redefining \pageref on input line 29.
LaTeX Info: Redefining \nameref on input line 29.

(./metrics-paper.out) (./metrics-paper.out)
\@outlinefile=\write3
\openout3 = `metrics-paper.out'.


(/usr/local/texlive/2012/texmf-dist/tex/latex/oberdiek/epstopdf-base.sty
Package: epstopdf-base 2010/02/09 v2.5 Base part for package epstopdf

(/usr/local/texlive/2012/texmf-dist/tex/latex/oberdiek/grfext.sty
Package: grfext 2010/08/19 v1.1 Manage graphics extensions (HO)
)
Package grfext Info: Graphics extension search list:
(grfext)             [.png,.pdf,.jpg,.mps,.jpeg,.jbig2,.jb2,.PNG,.PDF,.JPG,.JPE
G,.JBIG2,.JB2,.eps]
(grfext)             \AppendGraphicsExtensions on input line 452.

(/usr/local/texlive/2012/texmf-dist/tex/latex/latexconfig/epstopdf-sys.cfg
File: epstopdf-sys.cfg 2010/07/13 v1.3 Configuration of (r)epstopdf for TeX Liv
e
))
LaTeX Font Info:    Try loading font information for U+msa on input line 39.

(/usr/local/texlive/2012/texmf-dist/tex/latex/amsfonts/umsa.fd
File: umsa.fd 2009/06/22 v3.00 AMS symbols A
)
LaTeX Font Info:    Try loading font information for U+msb on input line 39.

(/usr/local/texlive/2012/texmf-dist/tex/latex/amsfonts/umsb.fd
File: umsb.fd 2009/06/22 v3.00 AMS symbols B
)
LaTeX Font Info:    Font shape `OT1/ptm/bx/n' in size <9> not available
(Font)              Font shape `OT1/ptm/b/n' tried instead on input line 40.
LaTeX Font Info:    Font shape `OT1/ptm/bx/n' in size <14.4> not available
(Font)              Font shape `OT1/ptm/b/n' tried instead on input line 56.

<lineup-protocol-example.pdf, id=65, 397.485pt x 361.35pt>
File: lineup-protocol-example.pdf Graphic file (type pdf)

<use lineup-protocol-example.pdf>
Package pdftex.def Info: lineup-protocol-example.pdf used on input line 71.
(pdftex.def)             Requested size: 469.75502pt x 427.06198pt.
 [1

{/usr/local/texlive/2012/texmf-var/fonts/map/pdftex/updmap/pdftex.map}] [2 <./l
ineup-protocol-example.pdf>]
<diagram.pdf, id=100, 254.85544pt x 180.39044pt>
File: diagram.pdf Graphic file (type pdf)
 <use diagram.pdf>
Package pdftex.def Info: diagram.pdf used on input line 98.
(pdftex.def)             Requested size: 216.81pt x 153.46747pt.

<visual-inference-plot-1.pdf, id=101, 254.85544pt x 180.39044pt>
File: visual-inference-plot-1.pdf Graphic file (type pdf)

<use visual-inference-plot-1.pdf>
Package pdftex.def Info: visual-inference-plot-1.pdf used on input line 98.
(pdftex.def)             Requested size: 216.81pt x 153.46747pt.
 [3 <./diagram.pdf> <./visual-inference-plot-1.pdf>]
Overfull \hbox (4.76361pt too wide) in paragraph at lines 197--197
[]|\OT1/ptm/m/n/10 Turk
 []

<stat_category1.pdf, id=493, 380.42125pt x 483.8075pt>
File: stat_category1.pdf Graphic file (type pdf)

<use stat_category1.pdf>
Package pdftex.def Info: stat_category1.pdf used on input line 199.
(pdftex.def)             Requested size: 380.4203pt x 483.80632pt.
 <stat_beta_k1.png, id=494, 154.5775pt x 160.6pt>
File: stat_beta_k1.png Graphic file (type png)

<use stat_beta_k1.png>
Package pdftex.def Info: stat_beta_k1.png used on input line 201.
(pdftex.def)             Requested size: 154.5771pt x 160.5996pt.
 <stat_separation.pdf, id=496, 107.40125pt x 122.4575pt>
File: stat_separation.pdf Graphic file (type pdf)

<use stat_separation.pdf>
Package pdftex.def Info: stat_separation.pdf used on input line 202.
(pdftex.def)             Requested size: 107.40097pt x 122.45718pt.
 [4 <./stat_category1.pdf> <./stat_beta_k1.png> <./stat_separation.pdf>]
LaTeX Font Info:    Try loading font information for OMS+ptm on input line 214.


(/usr/local/texlive/2012/texmf-dist/tex/latex/psnfss/omsptm.fd
File: omsptm.fd 
)
LaTeX Font Info:    Font shape `OMS/ptm/m/n' in size <10> not available
(Font)              Font shape `OMS/cmsy/m/n' tried instead on input line 214.
LaTeX Font Info:    Try loading font information for OT1+pcr on input line 245.


(/usr/local/texlive/2012/texmf-dist/tex/latex/psnfss/ot1pcr.fd
File: ot1pcr.fd 2001/06/04 font definitions for OT1/pcr.
) [5]
<dat-example-1.pdf, id=554, 252.945pt x 252.945pt>
File: dat-example-1.pdf Graphic file (type pdf)
 <use dat-example-1.pdf>
Package pdftex.def Info: dat-example-1.pdf used on input line 333.
(pdftex.def)             Requested size: 139.12018pt x 139.12018pt.

<bin-example-1.pdf, id=555, 303.1325pt x 252.945pt>
File: bin-example-1.pdf Graphic file (type pdf)
 <use bin-example-1.pdf>
Package pdftex.def Info: bin-example-1.pdf used on input line 333.
(pdftex.def)             Requested size: 166.72339pt x 139.12018pt.

<freq-example-1.pdf, id=556, 252.945pt x 252.945pt>
File: freq-example-1.pdf Graphic file (type pdf)
 <use freq-example-1.pdf>
Package pdftex.def Info: freq-example-1.pdf used on input line 333.
(pdftex.def)             Requested size: 139.12018pt x 139.12018pt.

<dat-example-2.pdf, id=557, 252.945pt x 252.945pt>
File: dat-example-2.pdf Graphic file (type pdf)
 <use dat-example-2.pdf>
Package pdftex.def Info: dat-example-2.pdf used on input line 340.
(pdftex.def)             Requested size: 139.12018pt x 139.12018pt.

<bin-example-2.pdf, id=558, 303.1325pt x 252.945pt>
File: bin-example-2.pdf Graphic file (type pdf)
 <use bin-example-2.pdf>
Package pdftex.def Info: bin-example-2.pdf used on input line 340.
(pdftex.def)             Requested size: 166.72339pt x 139.12018pt.

<freq-example-2.pdf, id=559, 252.945pt x 252.945pt>
File: freq-example-2.pdf Graphic file (type pdf)
 <use freq-example-2.pdf>
Package pdftex.def Info: freq-example-2.pdf used on input line 340.
(pdftex.def)             Requested size: 139.12018pt x 139.12018pt.

[6 <./dat-example-1.pdf> <./bin-example-1.pdf> <./freq-example-1.pdf> <./dat-ex
ample-2.pdf> <./bin-example-2.pdf> <./freq-example-2.pdf>] [7]
<min-sep-example.pdf, id=616, 325.215pt x 289.08pt>
File: min-sep-example.pdf Graphic file (type pdf)
 <use min-sep-example.pdf>
Package pdftex.def Info: min-sep-example.pdf used on input line 438.
(pdftex.def)             Requested size: 146.3454pt x 130.0848pt.

<ave-sep-example.pdf, id=617, 325.215pt x 289.08pt>
File: ave-sep-example.pdf Graphic file (type pdf)
 <use ave-sep-example.pdf>
Package pdftex.def Info: ave-sep-example.pdf used on input line 442.
(pdftex.def)             Requested size: 146.3454pt x 130.0848pt.

<mean-sep-example.pdf, id=618, 325.215pt x 289.08pt>
File: mean-sep-example.pdf Graphic file (type pdf)

<use mean-sep-example.pdf>
Package pdftex.def Info: mean-sep-example.pdf used on input line 446.
(pdftex.def)             Requested size: 146.3454pt x 130.0848pt.
 [8 <./min-sep-example.pdf> <./ave-sep-example.pdf> <./mean-sep-example.pdf>] <
dist-example.pdf, id=665, 397.485pt x 361.35pt>
File: dist-example.pdf Graphic file (type pdf)

<use dist-example.pdf>
Package pdftex.def Info: dist-example.pdf used on input line 533.
(pdftex.def)             Requested size: 218.61742pt x 198.74312pt.
 <dist-metric.pdf, id=666, 325.215pt x 289.08pt>
File: dist-metric.pdf Graphic file (type pdf)

<use dist-metric.pdf>
Package pdftex.def Info: dist-metric.pdf used on input line 537.
(pdftex.def)             Requested size: 227.64894pt x 202.35461pt.
 <dist-example-2.pdf, id=667, 397.485pt x 361.35pt>
File: dist-example-2.pdf Graphic file (type pdf)

<use dist-example-2.pdf>
Package pdftex.def Info: dist-example-2.pdf used on input line 549.
(pdftex.def)             Requested size: 218.61742pt x 198.74312pt.
 <dist-metric-2.pdf, id=668, 325.215pt x 289.08pt>
File: dist-metric-2.pdf Graphic file (type pdf)

<use dist-metric-2.pdf>
Package pdftex.def Info: dist-metric-2.pdf used on input line 553.
(pdftex.def)             Requested size: 227.64894pt x 202.35461pt.
 [9 <./dist-example.pdf> <./dist-metric.pdf>]
<plot-type-sca.pdf, id=700, 397.485pt x 361.35pt>
File: plot-type-sca.pdf Graphic file (type pdf)
 <use plot-type-sca.pdf>
Package pdftex.def Info: plot-type-sca.pdf used on input line 571.
(pdftex.def)             Requested size: 218.61742pt x 198.74312pt.

<plot-type-reg-line.pdf, id=701, 397.485pt x 361.35pt>
File: plot-type-reg-line.pdf Graphic file (type pdf)

<use plot-type-reg-line.pdf>
Package pdftex.def Info: plot-type-reg-line.pdf used on input line 575.
(pdftex.def)             Requested size: 218.61742pt x 198.74312pt.
 [10 <./dist-example-2.pdf> <./dist-metric-2.pdf>]
[11 <./plot-type-sca.pdf> <./plot-type-reg-line.pdf>]
LaTeX Font Info:    Font shape `OT1/ptm/bx/n' in size <12> not available
(Font)              Font shape `OT1/ptm/b/n' tried instead on input line 641.

Underfull \hbox (badness 10000) in paragraph at lines 643--644

 []

<turk1-example.pdf, id=764, 397.485pt x 361.35pt>
File: turk1-example.pdf Graphic file (type pdf)
 <use turk1-example.pdf>
Package pdftex.def Info: turk1-example.pdf used on input line 647.
(pdftex.def)             Requested size: 446.26582pt x 405.70723pt.

<turk1-prop-box-bin.pdf, id=766, 614.295pt x 289.08pt>
File: turk1-prop-box-bin.pdf Graphic file (type pdf)

<use turk1-prop-box-bin.pdf>
Package pdftex.def Info: turk1-prop-box-bin.pdf used on input line 662.
(pdftex.def)             Requested size: 460.72011pt x 216.80946pt.

<turk1-grtr-box-bin.pdf, id=767, 614.295pt x 289.08pt>
File: turk1-grtr-box-bin.pdf Graphic file (type pdf)

<use turk1-grtr-box-bin.pdf>
Package pdftex.def Info: turk1-grtr-box-bin.pdf used on input line 666.
(pdftex.def)             Requested size: 460.72011pt x 216.80946pt.
 [12] [13 <./turk1-example.pdf>] [14 <./turk1-prop-box-bin.pdf> <./turk1-grtr-b
ox-bin.pdf>]
<turk1-mtime-box-bin.pdf, id=814, 614.295pt x 289.08pt>
File: turk1-mtime-box-bin.pdf Graphic file (type pdf)

<use turk1-mtime-box-bin.pdf>
Package pdftex.def Info: turk1-mtime-box-bin.pdf used on input line 709.
(pdftex.def)             Requested size: 460.72011pt x 216.80946pt.

<lineup-high-prop-neg-diff.pdf, id=820, 325.215pt x 289.08pt>
File: lineup-high-prop-neg-diff.pdf Graphic file (type pdf)

<use lineup-high-prop-neg-diff.pdf>
Package pdftex.def Info: lineup-high-prop-neg-diff.pdf used on input line 731.
(pdftex.def)             Requested size: 227.64894pt x 202.35461pt.

<distribution-box-dist-exp1.pdf, id=821, 325.215pt x 289.08pt>
File: distribution-box-dist-exp1.pdf Graphic file (type pdf)

<use distribution-box-dist-exp1.pdf>
Package pdftex.def Info: distribution-box-dist-exp1.pdf used on input line 735.

(pdftex.def)             Requested size: 227.64894pt x 202.35461pt.

<distribution-bin-dist-2-8-exp1.pdf, id=822, 325.215pt x 289.08pt>
File: distribution-bin-dist-2-8-exp1.pdf Graphic file (type pdf)

<use distribution-bin-dist-2-8-exp1.pdf>
Package pdftex.def Info: distribution-bin-dist-2-8-exp1.pdf used on input line 
739.
(pdftex.def)             Requested size: 227.64894pt x 202.35461pt.

<distribution-bin-dist-2-2-exp1.pdf, id=823, 325.215pt x 289.08pt>
File: distribution-bin-dist-2-2-exp1.pdf Graphic file (type pdf)

<use distribution-bin-dist-2-2-exp1.pdf>
Package pdftex.def Info: distribution-bin-dist-2-2-exp1.pdf used on input line 
743.
(pdftex.def)             Requested size: 227.64894pt x 202.35461pt.
LaTeX Font Info:    Font shape `OT1/ptm/bx/n' in size <10> not available
(Font)              Font shape `OT1/ptm/b/n' tried instead on input line 755.


LaTeX Warning: Reference `lineup-example,dist,turk2' on page 15 undefined on in
put line 755.

<turk2-example.pdf, id=827, 397.485pt x 361.35pt>
File: turk2-example.pdf Graphic file (type pdf)
 <use turk2-example.pdf>
Package pdftex.def Info: turk2-example.pdf used on input line 759.
(pdftex.def)             Requested size: 446.26582pt x 405.70723pt.

<turk2-prop-reg-bin.pdf, id=829, 614.295pt x 289.08pt>
File: turk2-prop-reg-bin.pdf Graphic file (type pdf)

<use turk2-prop-reg-bin.pdf>
Package pdftex.def Info: turk2-prop-reg-bin.pdf used on input line 773.
(pdftex.def)             Requested size: 460.72011pt x 216.80946pt.

<turk2-grtr-reg-bin.pdf, id=830, 614.295pt x 289.08pt>
File: turk2-grtr-reg-bin.pdf Graphic file (type pdf)

<use turk2-grtr-reg-bin.pdf>
Package pdftex.def Info: turk2-grtr-reg-bin.pdf used on input line 777.
(pdftex.def)             Requested size: 460.72011pt x 216.80946pt.
 [15 <./turk1-mtime-box-bin.pdf>] [16 <./lineup-high-prop-neg-diff.pdf> <./dist
ribution-box-dist-exp1.pdf> <./distribution-bin-dist-2-8-exp1.pdf> <./distribut
ion-bin-dist-2-2-exp1.pdf>] [17 <./turk2-example.pdf>] [18 <./turk2-prop-reg-bi
n.pdf> <./turk2-grtr-reg-bin.pdf>]
<turk2-mtime-reg-bin.pdf, id=917, 614.295pt x 289.08pt>
File: turk2-mtime-reg-bin.pdf Graphic file (type pdf)

<use turk2-mtime-reg-bin.pdf>
Package pdftex.def Info: turk2-mtime-reg-bin.pdf used on input line 800.
(pdftex.def)             Requested size: 460.72011pt x 216.80946pt.

<lineup-exp2-neg-diff-large-prop.pdf, id=923, 325.215pt x 289.08pt>
File: lineup-exp2-neg-diff-large-prop.pdf Graphic file (type pdf)

<use lineup-exp2-neg-diff-large-prop.pdf>
Package pdftex.def Info: lineup-exp2-neg-diff-large-prop.pdf used on input line
 824.
(pdftex.def)             Requested size: 178.86879pt x 158.99448pt.

<distribution-reg-dist-exp2.pdf, id=924, 325.215pt x 289.08pt>
File: distribution-reg-dist-exp2.pdf Graphic file (type pdf)

<use distribution-reg-dist-exp2.pdf>
Package pdftex.def Info: distribution-reg-dist-exp2.pdf used on input line 828.

(pdftex.def)             Requested size: 178.86879pt x 158.99448pt.

<distribution-bin-dist-2-2-exp2.pdf, id=925, 325.215pt x 289.08pt>
File: distribution-bin-dist-2-2-exp2.pdf Graphic file (type pdf)

<use distribution-bin-dist-2-2-exp2.pdf>
Package pdftex.def Info: distribution-bin-dist-2-2-exp2.pdf used on input line 
832.
(pdftex.def)             Requested size: 178.86879pt x 158.99448pt.

<distribution-bin-dist-8-2-exp2.pdf, id=926, 325.215pt x 289.08pt>
File: distribution-bin-dist-8-2-exp2.pdf Graphic file (type pdf)

<use distribution-bin-dist-8-2-exp2.pdf>
Package pdftex.def Info: distribution-bin-dist-8-2-exp2.pdf used on input line 
836.
(pdftex.def)             Requested size: 178.86879pt x 158.99448pt.

<distribution-reg-no-int-dist-exp2.pdf, id=927, 325.215pt x 289.08pt>
File: distribution-reg-no-int-dist-exp2.pdf Graphic file (type pdf)

<use distribution-reg-no-int-dist-exp2.pdf>
Package pdftex.def Info: distribution-reg-no-int-dist-exp2.pdf used on input li
ne 840.
(pdftex.def)             Requested size: 178.86879pt x 158.99448pt.

<distribution-pval-exp2.pdf, id=928, 325.215pt x 289.08pt>
File: distribution-pval-exp2.pdf Graphic file (type pdf)

<use distribution-pval-exp2.pdf>
Package pdftex.def Info: distribution-pval-exp2.pdf used on input line 844.
(pdftex.def)             Requested size: 178.86879pt x 158.99448pt.


LaTeX Warning: Float too large for page by 1.57056pt on input line 849.


Package hyperref Warning: Token not allowed in a PDF string (PDFDocEncoding):
(hyperref)                removing `math shift' on input line 866.


Package hyperref Warning: Token not allowed in a PDF string (PDFDocEncoding):
(hyperref)                removing `math shift' on input line 866.


Package hyperref Warning: Token not allowed in a PDF string (PDFDocEncoding):
(hyperref)                removing `math shift' on input line 866.


Package hyperref Warning: Token not allowed in a PDF string (PDFDocEncoding):
(hyperref)                removing `math shift' on input line 866.

[19 <./turk2-mtime-reg-bin.pdf>] [20 <./lineup-exp2-neg-diff-large-prop.pdf> <.
/distribution-reg-dist-exp2.pdf> <./distribution-bin-dist-2-2-exp2.pdf> <./dist
ribution-bin-dist-8-2-exp2.pdf> <./distribution-reg-no-int-dist-exp2.pdf> <./di
stribution-pval-exp2.pdf>] <largep-example.pdf, id=1004, 397.485pt x 361.35pt>
File: largep-example.pdf Graphic file (type pdf)

<use largep-example.pdf>
Package pdftex.def Info: largep-example.pdf used on input line 872.
(pdftex.def)             Requested size: 446.26582pt x 405.70723pt.
 [21 <./largep-example.pdf>]
<largep-prop-sep-bin.pdf, id=1021, 614.295pt x 289.08pt>
File: largep-prop-sep-bin.pdf Graphic file (type pdf)

<use largep-prop-sep-bin.pdf>
Package pdftex.def Info: largep-prop-sep-bin.pdf used on input line 886.
(pdftex.def)             Requested size: 460.72011pt x 216.80946pt.

<largep-grtr-sep-bin.pdf, id=1022, 614.295pt x 289.08pt>
File: largep-grtr-sep-bin.pdf Graphic file (type pdf)

<use largep-grtr-sep-bin.pdf>
Package pdftex.def Info: largep-grtr-sep-bin.pdf used on input line 890.
(pdftex.def)             Requested size: 460.72011pt x 216.80946pt.

<largep-mtime-sep-bin.pdf, id=1026, 614.295pt x 289.08pt>
File: largep-mtime-sep-bin.pdf Graphic file (type pdf)

<use largep-mtime-sep-bin.pdf>
Package pdftex.def Info: largep-mtime-sep-bin.pdf used on input line 909.
(pdftex.def)             Requested size: 460.72011pt x 216.80946pt.

<lineup-large-p-small-n.pdf, id=1028, 325.215pt x 289.08pt>
File: lineup-large-p-small-n.pdf Graphic file (type pdf)

<use lineup-large-p-small-n.pdf>
Package pdftex.def Info: lineup-large-p-small-n.pdf used on input line 931.
(pdftex.def)             Requested size: 227.64894pt x 202.35461pt.

<distribution-bin-dist-6-4-lpexp.pdf, id=1029, 325.215pt x 289.08pt>
File: distribution-bin-dist-6-4-lpexp.pdf Graphic file (type pdf)

<use distribution-bin-dist-6-4-lpexp.pdf>
Package pdftex.def Info: distribution-bin-dist-6-4-lpexp.pdf used on input line
 935.
(pdftex.def)             Requested size: 227.64894pt x 202.35461pt.

<distribution-min-sep-dist-lpexp.pdf, id=1030, 325.215pt x 289.08pt>
File: distribution-min-sep-dist-lpexp.pdf Graphic file (type pdf)

<use distribution-min-sep-dist-lpexp.pdf>
Package pdftex.def Info: distribution-min-sep-dist-lpexp.pdf used on input line
 939.
(pdftex.def)             Requested size: 227.64894pt x 202.35461pt.

<distribution-ave-sep-dist-lpexp.pdf, id=1031, 325.215pt x 289.08pt>
File: distribution-ave-sep-dist-lpexp.pdf Graphic file (type pdf)

<use distribution-ave-sep-dist-lpexp.pdf>
Package pdftex.def Info: distribution-ave-sep-dist-lpexp.pdf used on input line
 943.
(pdftex.def)             Requested size: 227.64894pt x 202.35461pt.


Package natbib Warning: Citation `lee:2009' on page 22 undefined on input line 
951.

(./metrics-paper.bbl [22] [23 <./largep-prop-sep-bin.pdf> <./largep-grtr-sep-bi
n.pdf>] [24 <./largep-mtime-sep-bin.pdf>] [25 <./lineup-large-p-small-n.pdf> <.
/distribution-bin-dist-6-4-lpexp.pdf> <./distribution-min-sep-dist-lpexp.pdf> <
./distribution-ave-sep-dist-lpexp.pdf>])
Underfull \hbox (badness 10000) in paragraph at lines 1618--1618
[]|\OT1/ptm/m/n/10 Type of
 []


Underfull \hbox (badness 10000) in paragraph at lines 1618--1618
[]|\OT1/ptm/m/n/10 Null Gen-
 []


Underfull \hbox (badness 10000) in paragraph at lines 1618--1618
\OT1/ptm/m/n/10 er-at-ing
 []

<anscombe-1.pdf, id=1124, 289.08pt x 289.08pt>
File: anscombe-1.pdf Graphic file (type pdf)
 <use anscombe-1.pdf>
Package pdftex.def Info: anscombe-1.pdf used on input line 1622.
(pdftex.def)             Requested size: 289.07928pt x 289.07928pt.

Overfull \hbox (29.5907pt too wide) in paragraph at lines 1622--1622
 [] 
 []

<anscombe-null-1.pdf, id=1125, 289.08pt x 289.08pt>
File: anscombe-null-1.pdf Graphic file (type pdf)
 <use anscombe-null-1.pdf>
Package pdftex.def Info: anscombe-null-1.pdf used on input line 1622.
(pdftex.def)             Requested size: 289.07928pt x 289.07928pt.

Overfull \hbox (29.5907pt too wide) in paragraph at lines 1622--1622
 [] 
 []

<anscombe-nbin-1.pdf, id=1126, 361.35pt x 289.08pt>
File: anscombe-nbin-1.pdf Graphic file (type pdf)
 <use anscombe-nbin-1.pdf>
Package pdftex.def Info: anscombe-nbin-1.pdf used on input line 1622.
(pdftex.def)             Requested size: 361.34912pt x 289.07928pt.

Overfull \hbox (47.65816pt too wide) in paragraph at lines 1622--1622
 [] 
 []


Underfull \hbox (badness 10000) in paragraph at lines 1624--1624
[]|\OT1/ptm/m/n/10 Nonlinear
 []


Underfull \hbox (badness 10000) in paragraph at lines 1624--1624
\OT1/ptm/m/n/10 re-la-tion-
 []

<anscombe-2.pdf, id=1127, 289.08pt x 289.08pt>
File: anscombe-2.pdf Graphic file (type pdf)
 <use anscombe-2.pdf>
Package pdftex.def Info: anscombe-2.pdf used on input line 1624.
(pdftex.def)             Requested size: 289.07928pt x 289.07928pt.

Overfull \hbox (29.5907pt too wide) in paragraph at lines 1624--1624
 [] 
 []

<anscombe-null-2.pdf, id=1128, 289.08pt x 289.08pt>
File: anscombe-null-2.pdf Graphic file (type pdf)
 <use anscombe-null-2.pdf>
Package pdftex.def Info: anscombe-null-2.pdf used on input line 1624.
(pdftex.def)             Requested size: 289.07928pt x 289.07928pt.

Overfull \hbox (29.5907pt too wide) in paragraph at lines 1624--1624
 [] 
 []

<anscombe-nbin-2.pdf, id=1129, 361.35pt x 289.08pt>
File: anscombe-nbin-2.pdf Graphic file (type pdf)
 <use anscombe-nbin-2.pdf>
Package pdftex.def Info: anscombe-nbin-2.pdf used on input line 1624.
(pdftex.def)             Requested size: 361.34912pt x 289.07928pt.

Overfull \hbox (47.65816pt too wide) in paragraph at lines 1624--1624
 [] 
 []

<anscombe-3.pdf, id=1130, 289.08pt x 289.08pt>
File: anscombe-3.pdf Graphic file (type pdf)
 <use anscombe-3.pdf>
Package pdftex.def Info: anscombe-3.pdf used on input line 1626.
(pdftex.def)             Requested size: 289.07928pt x 289.07928pt.

Overfull \hbox (29.5907pt too wide) in paragraph at lines 1626--1626
 [] 
 []

<anscombe-null-3.pdf, id=1131, 289.08pt x 289.08pt>
File: anscombe-null-3.pdf Graphic file (type pdf)
 <use anscombe-null-3.pdf>
Package pdftex.def Info: anscombe-null-3.pdf used on input line 1626.
(pdftex.def)             Requested size: 289.07928pt x 289.07928pt.

Overfull \hbox (29.5907pt too wide) in paragraph at lines 1626--1626
 [] 
 []

<anscombe-nbin-3.pdf, id=1132, 361.35pt x 289.08pt>
File: anscombe-nbin-3.pdf Graphic file (type pdf)
 <use anscombe-nbin-3.pdf>
Package pdftex.def Info: anscombe-nbin-3.pdf used on input line 1626.
(pdftex.def)             Requested size: 361.34912pt x 289.07928pt.

Overfull \hbox (47.65816pt too wide) in paragraph at lines 1626--1626
 [] 
 []


Underfull \hbox (badness 10000) in paragraph at lines 1628--1628
[]|\OT1/ptm/m/n/10 Same
 []


Underfull \hbox (badness 10000) in paragraph at lines 1628--1628
\OT1/ptm/m/n/10 val-ues
 []


Underfull \hbox (badness 10000) in paragraph at lines 1628--1628
\OT1/ptm/m/n/10 with one
 []

<anscombe-4.pdf, id=1133, 289.08pt x 289.08pt>
File: anscombe-4.pdf Graphic file (type pdf)
 <use anscombe-4.pdf>
Package pdftex.def Info: anscombe-4.pdf used on input line 1628.
(pdftex.def)             Requested size: 289.07928pt x 289.07928pt.

Overfull \hbox (29.5907pt too wide) in paragraph at lines 1628--1628
 [] 
 []


Underfull \hbox (badness 10000) in paragraph at lines 1628--1628
[]|\OT1/ptm/m/n/10 Simulation
 []

<anscombe-null-4.pdf, id=1134, 289.08pt x 289.08pt>
File: anscombe-null-4.pdf Graphic file (type pdf)
 <use anscombe-null-4.pdf>
Package pdftex.def Info: anscombe-null-4.pdf used on input line 1628.
(pdftex.def)             Requested size: 289.07928pt x 289.07928pt.

Overfull \hbox (29.5907pt too wide) in paragraph at lines 1628--1628
 [] 
 []

<anscombe-nbin-4.pdf, id=1135, 361.35pt x 289.08pt>
File: anscombe-nbin-4.pdf Graphic file (type pdf)
 <use anscombe-nbin-4.pdf>
Package pdftex.def Info: anscombe-nbin-4.pdf used on input line 1628.
(pdftex.def)             Requested size: 361.34912pt x 289.07928pt.

Overfull \hbox (47.65816pt too wide) in paragraph at lines 1628--1628
 [] 
 []

<data1.pdf, id=1136, 289.08pt x 289.08pt>
File: data1.pdf Graphic file (type pdf)
 <use data1.pdf>
Package pdftex.def Info: data1.pdf used on input line 1630.
(pdftex.def)             Requested size: 289.07928pt x 289.07928pt.

Overfull \hbox (29.5907pt too wide) in paragraph at lines 1630--1630
 [] 
 []

<null1.pdf, id=1137, 289.08pt x 289.08pt>
File: null1.pdf Graphic file (type pdf)
 <use null1.pdf>
Package pdftex.def Info: null1.pdf used on input line 1630.
(pdftex.def)             Requested size: 289.07928pt x 289.07928pt.

Overfull \hbox (29.5907pt too wide) in paragraph at lines 1630--1630
 [] 
 []

<bin-select-plot1.pdf, id=1138, 361.35pt x 289.08pt>
File: bin-select-plot1.pdf Graphic file (type pdf)

<use bin-select-plot1.pdf>
Package pdftex.def Info: bin-select-plot1.pdf used on input line 1630.
(pdftex.def)             Requested size: 361.34912pt x 289.07928pt.

Overfull \hbox (47.65816pt too wide) in paragraph at lines 1630--1630
 [] 
 []


Overfull \hbox (36.1684pt too wide) in paragraph at lines 1616--1642
 [][] 
 []


Underfull \hbox (badness 10000) in paragraph at lines 1650--1650
[]|\OT1/ptm/m/n/10 Type of
 []


Underfull \hbox (badness 10000) in paragraph at lines 1650--1650
[]|\OT1/ptm/m/n/10 Null Gen-
 []


Underfull \hbox (badness 10000) in paragraph at lines 1650--1650
\OT1/ptm/m/n/10 er-at-ing
 []


Overfull \hbox (3.2703pt too wide) in paragraph at lines 1652--1652
[]|\OT1/ptm/m/n/10 Categorical| 
 []

<data2.pdf, id=1139, 289.08pt x 289.08pt>
File: data2.pdf Graphic file (type pdf)
 <use data2.pdf>
Package pdftex.def Info: data2.pdf used on input line 1652.
(pdftex.def)             Requested size: 289.07928pt x 289.07928pt.

Overfull \hbox (29.5907pt too wide) in paragraph at lines 1652--1652
 [] 
 []


Underfull \hbox (badness 10000) in paragraph at lines 1652--1652
[]|\OT1/ptm/m/n/10 Simulation
 []


Underfull \hbox (badness 10000) in paragraph at lines 1652--1652
\OT1/ptm/m/n/10 from a
 []


Underfull \hbox (badness 10000) in paragraph at lines 1652--1652
\OT1/ptm/m/n/10 Nor-mal
 []

<null2.pdf, id=1140, 289.08pt x 289.08pt>
File: null2.pdf Graphic file (type pdf)
 <use null2.pdf>
Package pdftex.def Info: null2.pdf used on input line 1652.
(pdftex.def)             Requested size: 289.07928pt x 289.07928pt.

Overfull \hbox (29.5907pt too wide) in paragraph at lines 1652--1652
 [] 
 []

<bin-select-plot2.pdf, id=1141, 361.35pt x 289.08pt>
File: bin-select-plot2.pdf Graphic file (type pdf)

<use bin-select-plot2.pdf>
Package pdftex.def Info: bin-select-plot2.pdf used on input line 1652.
(pdftex.def)             Requested size: 361.34912pt x 289.07928pt.

Overfull \hbox (47.65816pt too wide) in paragraph at lines 1652--1652
 [] 
 []


Underfull \hbox (badness 10000) in paragraph at lines 1654--1654
[]|\OT1/ptm/m/n/10 Nonlinear
 []


Underfull \hbox (badness 10000) in paragraph at lines 1654--1654
\OT1/ptm/m/n/10 re-la-tion
 []


Underfull \hbox (badness 10000) in paragraph at lines 1654--1654
\OT1/ptm/m/n/10 with
 []

<data3.pdf, id=1142, 289.08pt x 289.08pt>
File: data3.pdf Graphic file (type pdf)
 <use data3.pdf>
Package pdftex.def Info: data3.pdf used on input line 1654.
(pdftex.def)             Requested size: 289.07928pt x 289.07928pt.

Overfull \hbox (29.5907pt too wide) in paragraph at lines 1654--1654
 [] 
 []

<null3.pdf, id=1143, 289.08pt x 289.08pt>
File: null3.pdf Graphic file (type pdf)
 <use null3.pdf>
Package pdftex.def Info: null3.pdf used on input line 1654.
(pdftex.def)             Requested size: 289.07928pt x 289.07928pt.

Overfull \hbox (29.5907pt too wide) in paragraph at lines 1654--1654
 [] 
 []

<bin-select-plot3.pdf, id=1144, 361.35pt x 289.08pt>
File: bin-select-plot3.pdf Graphic file (type pdf)

<use bin-select-plot3.pdf>
Package pdftex.def Info: bin-select-plot3.pdf used on input line 1654.
(pdftex.def)             Requested size: 361.34912pt x 289.07928pt.

Overfull \hbox (47.65816pt too wide) in paragraph at lines 1654--1654
 [] 
 []


Underfull \hbox (badness 10000) in paragraph at lines 1656--1656
[]|\OT1/ptm/m/n/10 Linear
 []


Underfull \hbox (badness 10000) in paragraph at lines 1656--1656
\OT1/ptm/m/n/10 re-la-tion-
 []


Underfull \hbox (badness 5563) in paragraph at lines 1656--1656
\OT1/ptm/m/n/10 ship with
 []

<data5.pdf, id=1145, 289.08pt x 289.08pt>
File: data5.pdf Graphic file (type pdf)
 <use data5.pdf>
Package pdftex.def Info: data5.pdf used on input line 1656.
(pdftex.def)             Requested size: 289.07928pt x 289.07928pt.

Overfull \hbox (29.5907pt too wide) in paragraph at lines 1656--1656
 [] 
 []

<null5.pdf, id=1146, 289.08pt x 289.08pt>
File: null5.pdf Graphic file (type pdf)
 <use null5.pdf>
Package pdftex.def Info: null5.pdf used on input line 1656.
(pdftex.def)             Requested size: 289.07928pt x 289.07928pt.

Overfull \hbox (29.5907pt too wide) in paragraph at lines 1656--1656
 [] 
 []

<bin-select-plot5.pdf, id=1147, 361.35pt x 289.08pt>
File: bin-select-plot5.pdf Graphic file (type pdf)

<use bin-select-plot5.pdf>
Package pdftex.def Info: bin-select-plot5.pdf used on input line 1656.
(pdftex.def)             Requested size: 361.34912pt x 289.07928pt.

Overfull \hbox (47.65816pt too wide) in paragraph at lines 1656--1656
 [] 
 []


Underfull \hbox (badness 10000) in paragraph at lines 1658--1658
[]|\OT1/ptm/m/n/10 Residual
 []

<data4.pdf, id=1148, 289.08pt x 289.08pt>
File: data4.pdf Graphic file (type pdf)
 <use data4.pdf>
Package pdftex.def Info: data4.pdf used on input line 1658.
(pdftex.def)             Requested size: 289.07928pt x 289.07928pt.

Overfull \hbox (29.5907pt too wide) in paragraph at lines 1658--1658
 [] 
 []


Underfull \hbox (badness 10000) in paragraph at lines 1658--1658
[]|\OT1/ptm/m/n/10 Simulation
 []

<null4.pdf, id=1149, 289.08pt x 289.08pt>
File: null4.pdf Graphic file (type pdf)
 <use null4.pdf>
Package pdftex.def Info: null4.pdf used on input line 1658.
(pdftex.def)             Requested size: 289.07928pt x 289.07928pt.

Overfull \hbox (29.5907pt too wide) in paragraph at lines 1658--1658
 [] 
 []

<bin-select-plot4.pdf, id=1150, 361.35pt x 289.08pt>
File: bin-select-plot4.pdf Graphic file (type pdf)

<use bin-select-plot4.pdf>
Package pdftex.def Info: bin-select-plot4.pdf used on input line 1658.
(pdftex.def)             Requested size: 361.34912pt x 289.07928pt.

Overfull \hbox (47.65816pt too wide) in paragraph at lines 1658--1658
 [] 
 []


Underfull \hbox (badness 10000) in paragraph at lines 1660--1660
[]|\OT1/ptm/m/n/10 Residual
 []

<data6.pdf, id=1151, 289.08pt x 289.08pt>
File: data6.pdf Graphic file (type pdf)
 <use data6.pdf>
Package pdftex.def Info: data6.pdf used on input line 1660.
(pdftex.def)             Requested size: 289.07928pt x 289.07928pt.

Overfull \hbox (29.5907pt too wide) in paragraph at lines 1660--1660
 [] 
 []


Underfull \hbox (badness 10000) in paragraph at lines 1660--1660
[]|\OT1/ptm/m/n/10 Simulation
 []

<null6.pdf, id=1152, 289.08pt x 289.08pt>
File: null6.pdf Graphic file (type pdf)
 <use null6.pdf>
Package pdftex.def Info: null6.pdf used on input line 1660.
(pdftex.def)             Requested size: 289.07928pt x 289.07928pt.

Overfull \hbox (29.5907pt too wide) in paragraph at lines 1660--1660
 [] 
 []

<bin-select-plot6.pdf, id=1153, 361.35pt x 289.08pt>
File: bin-select-plot6.pdf Graphic file (type pdf)

<use bin-select-plot6.pdf>
Package pdftex.def Info: bin-select-plot6.pdf used on input line 1660.
(pdftex.def)             Requested size: 361.34912pt x 289.07928pt.

Overfull \hbox (47.65816pt too wide) in paragraph at lines 1660--1660
 [] 
 []

<data7.pdf, id=1154, 289.08pt x 289.08pt>
File: data7.pdf Graphic file (type pdf)
 <use data7.pdf>
Package pdftex.def Info: data7.pdf used on input line 1662.
(pdftex.def)             Requested size: 289.07928pt x 289.07928pt.

Overfull \hbox (29.5907pt too wide) in paragraph at lines 1662--1662
 [] 
 []

<null7.pdf, id=1155, 289.08pt x 289.08pt>
File: null7.pdf Graphic file (type pdf)
 <use null7.pdf>
Package pdftex.def Info: null7.pdf used on input line 1662.
(pdftex.def)             Requested size: 289.07928pt x 289.07928pt.

Overfull \hbox (29.5907pt too wide) in paragraph at lines 1662--1662
 [] 
 []

<bin-select-plot7.pdf, id=1156, 361.35pt x 289.08pt>
File: bin-select-plot7.pdf Graphic file (type pdf)

<use bin-select-plot7.pdf>
Package pdftex.def Info: bin-select-plot7.pdf used on input line 1662.
(pdftex.def)             Requested size: 361.34912pt x 289.07928pt.

Overfull \hbox (47.65816pt too wide) in paragraph at lines 1662--1662
 [] 
 []


Overfull \hbox (13.43019pt too wide) in paragraph at lines 1664--1664
[]|\OT1/ptm/m/n/10 Contaminated
 []

<data8.pdf, id=1157, 289.08pt x 289.08pt>
File: data8.pdf Graphic file (type pdf)
 <use data8.pdf>
Package pdftex.def Info: data8.pdf used on input line 1664.
(pdftex.def)             Requested size: 289.07928pt x 289.07928pt.

Overfull \hbox (29.5907pt too wide) in paragraph at lines 1664--1664
 [] 
 []

<null8.pdf, id=1158, 289.08pt x 289.08pt>
File: null8.pdf Graphic file (type pdf)
 <use null8.pdf>
Package pdftex.def Info: null8.pdf used on input line 1664.
(pdftex.def)             Requested size: 289.07928pt x 289.07928pt.

Overfull \hbox (29.5907pt too wide) in paragraph at lines 1664--1664
 [] 
 []

<bin-select-plot8.pdf, id=1159, 361.35pt x 289.08pt>
File: bin-select-plot8.pdf Graphic file (type pdf)

<use bin-select-plot8.pdf>
Package pdftex.def Info: bin-select-plot8.pdf used on input line 1664.
(pdftex.def)             Requested size: 361.34912pt x 289.07928pt.

Overfull \hbox (47.65816pt too wide) in paragraph at lines 1664--1664
 [] 
 []


Overfull \hbox (36.1684pt too wide) in paragraph at lines 1648--1676
 [][] 
 []


Package natbib Warning: There were undefined citations.

Package atveryend Info: Empty hook `BeforeClearDocument' on input line 1685.
[26] [27 <./anscombe-1.pdf> <./anscombe-null-1.pdf> <./anscombe-nbin-1.pdf> <./
anscombe-2.pdf> <./anscombe-null-2.pdf> <./anscombe-nbin-2.pdf> <./anscombe-3.p
df> <./anscombe-null-3.pdf> <./anscombe-nbin-3.pdf> <./anscombe-4.pdf> <./ansco
mbe-null-4.pdf> <./anscombe-nbin-4.pdf> <./data1.pdf> <./null1.pdf> <./bin-sele
ct-plot1.pdf>] [28 <./data2.pdf> <./null2.pdf> <./bin-select-plot2.pdf> <./data
3.pdf> <./null3.pdf> <./bin-select-plot3.pdf> <./data5.pdf> <./null5.pdf> <./bi
n-select-plot5.pdf> <./data4.pdf> <./null4.pdf> <./bin-select-plot4.pdf> <./dat
a6.pdf> <./null6.pdf> <./bin-select-plot6.pdf> <./data7.pdf> <./null7.pdf> <./b
in-select-plot7.pdf> <./data8.pdf> <./null8.pdf> <./bin-select-plot8.pdf>]
Package atveryend Info: Empty hook `AfterLastShipout' on input line 1685.

(./metrics-paper.aux)
Package atveryend Info: Executing hook `AtVeryEndDocument' on input line 1685.
Package atveryend Info: Executing hook `AtEndAfterFileList' on input line 1685.

Package rerunfilecheck Info: File `metrics-paper.out' has not changed.
(rerunfilecheck)             Checksum: 9A1F1E0325A455A057EDE5A0578395A4;870.


LaTeX Warning: There were undefined references.


LaTeX Warning: There were multiply-defined labels.

Package atveryend Info: Empty hook `AtVeryVeryEnd' on input line 1685.
 ) 
Here is how much of TeX's memory you used:
 8407 strings out of 493488
 121808 string characters out of 3141326
 240922 words of memory out of 3000000
 11391 multiletter control sequences out of 15000+200000
 28133 words of font info for 65 fonts, out of 3000000 for 9000
 957 hyphenation exceptions out of 8191
 29i,18n,31p,1301b,458s stack positions out of 5000i,500n,10000p,200000b,50000s
{/usr/local/texlive/2012/texmf-dist/fonts/enc/dvips/base/8r.enc}</usr/local/t
exlive/2012/texmf-dist/fonts/type1/public/amsfonts/cm/cmex10.pfb></usr/local/te
xlive/2012/texmf-dist/fonts/type1/public/amsfonts/cm/cmmi10.pfb></usr/local/tex
live/2012/texmf-dist/fonts/type1/public/amsfonts/cm/cmmi12.pfb></usr/local/texl
ive/2012/texmf-dist/fonts/type1/public/amsfonts/cm/cmmi5.pfb></usr/local/texliv
e/2012/texmf-dist/fonts/type1/public/amsfonts/cm/cmmi7.pfb></usr/local/texlive/
2012/texmf-dist/fonts/type1/public/amsfonts/cm/cmmi8.pfb></usr/local/texlive/20
12/texmf-dist/fonts/type1/public/amsfonts/cm/cmr10.pfb></usr/local/texlive/2012
/texmf-dist/fonts/type1/public/amsfonts/cm/cmr6.pfb></usr/local/texlive/2012/te
xmf-dist/fonts/type1/public/amsfonts/cm/cmr7.pfb></usr/local/texlive/2012/texmf
-dist/fonts/type1/public/amsfonts/cm/cmsy10.pfb></usr/local/texlive/2012/texmf-
dist/fonts/type1/public/amsfonts/cm/cmsy7.pfb></usr/local/texlive/2012/texmf-di
st/fonts/type1/urw/courier/ucrr8a.pfb></usr/local/texlive/2012/texmf-dist/fonts
/type1/urw/times/utmb8a.pfb></usr/local/texlive/2012/texmf-dist/fonts/type1/urw
/times/utmr8a.pfb></usr/local/texlive/2012/texmf-dist/fonts/type1/urw/times/utm
ri8a.pfb>
Output written on metrics-paper.pdf (28 pages, 1841910 bytes).
PDF statistics:
 1490 PDF objects out of 1728 (max. 8388607)
 1171 compressed objects within 12 object streams
 127 named destinations out of 1000 (max. 500000)
 520 words of extra memory for PDF output out of 10000 (max. 10000000)

